000 (2506065.000.000) 07/29 18:36:39 Job submitted from host: <131.169.223.41:9618?addrs=131.169.223.41-9618+[2001-638-700-10df--1-29]-9618&noUDP&sock=schedd_2006168_f5e8_3>
...
001 (2506065.000.000) 07/29 18:47:45 Job executing on host: <131.169.84.197:40645?addrs=131.169.84.197-40645>
...
006 (2506065.000.000) 07/29 18:47:54 Image size of job updated: 95388
	54  -  MemoryUsage of job (MB)
	54708  -  ResidentSetSize of job (KB)
...
006 (2506065.000.000) 07/29 18:48:35 Image size of job updated: 507640
	54  -  MemoryUsage of job (MB)
	54792  -  ResidentSetSize of job (KB)
...
005 (2506065.000.000) 07/29 18:48:35 Job terminated.
	(1) Normal termination (return value 0)
		Usr 0 00:00:16, Sys 0 00:00:00  -  Run Remote Usage
		Usr 0 00:00:00, Sys 0 00:00:00  -  Run Local Usage
		Usr 0 00:00:16, Sys 0 00:00:00  -  Total Remote Usage
		Usr 0 00:00:00, Sys 0 00:00:00  -  Total Local Usage
	0  -  Run Bytes Sent By Job
	0  -  Run Bytes Received By Job
	0  -  Total Bytes Sent By Job
	0  -  Total Bytes Received By Job
	Partitionable Resources :    Usage  Request Allocated 
	   Cpus                 :        0        1         1 
	   Disk (KB)            :        1  2560000   2735485 
	   Memory (MB)          :       54     4096      4096 
...
