000 (2506058.000.000) 07/29 18:36:38 Job submitted from host: <131.169.223.41:9618?addrs=131.169.223.41-9618+[2001-638-700-10df--1-29]-9618&noUDP&sock=schedd_2006168_f5e8_3>
...
000 (2506058.001.000) 07/29 18:36:38 Job submitted from host: <131.169.223.41:9618?addrs=131.169.223.41-9618+[2001-638-700-10df--1-29]-9618&noUDP&sock=schedd_2006168_f5e8_3>
...
000 (2506058.002.000) 07/29 18:36:38 Job submitted from host: <131.169.223.41:9618?addrs=131.169.223.41-9618+[2001-638-700-10df--1-29]-9618&noUDP&sock=schedd_2006168_f5e8_3>
...
001 (2506058.001.000) 07/29 18:47:51 Job executing on host: <131.169.84.119:38233?addrs=131.169.84.119-38233>
...
001 (2506058.002.000) 07/29 18:47:51 Job executing on host: <131.169.84.118:39312?addrs=131.169.84.118-39312>
...
001 (2506058.000.000) 07/29 18:47:51 Job executing on host: <131.169.84.193:39174?addrs=131.169.84.193-39174>
...
006 (2506058.000.000) 07/29 18:48:00 Image size of job updated: 92612
	54  -  MemoryUsage of job (MB)
	54520  -  ResidentSetSize of job (KB)
...
006 (2506058.001.000) 07/29 18:48:00 Image size of job updated: 215508
	131  -  MemoryUsage of job (MB)
	133300  -  ResidentSetSize of job (KB)
...
006 (2506058.002.000) 07/29 18:48:00 Image size of job updated: 231560
	146  -  MemoryUsage of job (MB)
	149160  -  ResidentSetSize of job (KB)
...
005 (2506058.002.000) 07/29 18:48:09 Job terminated.
	(1) Normal termination (return value 254)
		Usr 0 00:00:02, Sys 0 00:00:00  -  Run Remote Usage
		Usr 0 00:00:00, Sys 0 00:00:00  -  Run Local Usage
		Usr 0 00:00:02, Sys 0 00:00:00  -  Total Remote Usage
		Usr 0 00:00:00, Sys 0 00:00:00  -  Total Local Usage
	0  -  Run Bytes Sent By Job
	0  -  Run Bytes Received By Job
	0  -  Total Bytes Sent By Job
	0  -  Total Bytes Received By Job
	Partitionable Resources :    Usage  Request Allocated 
	   Cpus                 :     0.01        1         1 
	   Disk (KB)            :     1     2560000   2787371 
	   Memory (MB)          :   146        4096      4096 
...
006 (2506058.001.000) 07/29 18:48:11 Image size of job updated: 215508
	131  -  MemoryUsage of job (MB)
	133960  -  ResidentSetSize of job (KB)
...
005 (2506058.001.000) 07/29 18:48:11 Job terminated.
	(1) Normal termination (return value 254)
		Usr 0 00:00:01, Sys 0 00:00:00  -  Run Remote Usage
		Usr 0 00:00:00, Sys 0 00:00:00  -  Run Local Usage
		Usr 0 00:00:01, Sys 0 00:00:00  -  Total Remote Usage
		Usr 0 00:00:00, Sys 0 00:00:00  -  Total Local Usage
	0  -  Run Bytes Sent By Job
	0  -  Run Bytes Received By Job
	0  -  Total Bytes Sent By Job
	0  -  Total Bytes Received By Job
	Partitionable Resources :    Usage  Request Allocated 
	   Cpus                 :        0        1         1 
	   Disk (KB)            :        1  2560000   2771460 
	   Memory (MB)          :      131     4096      4096 
...
005 (2506058.000.000) 07/29 18:48:20 Job terminated.
	(1) Normal termination (return value 254)
		Usr 0 00:00:01, Sys 0 00:00:00  -  Run Remote Usage
		Usr 0 00:00:00, Sys 0 00:00:00  -  Run Local Usage
		Usr 0 00:00:01, Sys 0 00:00:00  -  Total Remote Usage
		Usr 0 00:00:00, Sys 0 00:00:00  -  Total Local Usage
	0  -  Run Bytes Sent By Job
	0  -  Run Bytes Received By Job
	0  -  Total Bytes Sent By Job
	0  -  Total Bytes Received By Job
	Partitionable Resources :    Usage  Request Allocated 
	   Cpus                 :     0.09        1         1 
	   Disk (KB)            :     1     2560000   2742234 
	   Memory (MB)          :    54        4096      4096 
...
