000 (2506077.000.000) 07/29 18:36:41 Job submitted from host: <131.169.223.41:9618?addrs=131.169.223.41-9618+[2001-638-700-10df--1-29]-9618&noUDP&sock=schedd_2006168_f5e8_3>
...
001 (2506077.000.000) 07/29 18:47:46 Job executing on host: <131.169.77.207:46748?addrs=131.169.77.207-46748>
...
006 (2506077.000.000) 07/29 18:47:55 Image size of job updated: 193180
	114  -  MemoryUsage of job (MB)
	115960  -  ResidentSetSize of job (KB)
...
006 (2506077.000.000) 07/29 18:48:59 Image size of job updated: 381424
	114  -  MemoryUsage of job (MB)
	115960  -  ResidentSetSize of job (KB)
...
005 (2506077.000.000) 07/29 18:48:59 Job terminated.
	(1) Normal termination (return value 0)
		Usr 0 00:00:41, Sys 0 00:00:00  -  Run Remote Usage
		Usr 0 00:00:00, Sys 0 00:00:00  -  Run Local Usage
		Usr 0 00:00:41, Sys 0 00:00:00  -  Total Remote Usage
		Usr 0 00:00:00, Sys 0 00:00:00  -  Total Local Usage
	0  -  Run Bytes Sent By Job
	0  -  Run Bytes Received By Job
	0  -  Total Bytes Sent By Job
	0  -  Total Bytes Received By Job
	Partitionable Resources :    Usage  Request Allocated 
	   Cpus                 :     0.89        1         1 
	   Disk (KB)            :     1     2560000   3789293 
	   Memory (MB)          :   114        4096      4096 
...
