000 (2506080.000.000) 07/29 18:36:42 Job submitted from host: <131.169.223.41:9618?addrs=131.169.223.41-9618+[2001-638-700-10df--1-29]-9618&noUDP&sock=schedd_2006168_f5e8_3>
...
001 (2506080.000.000) 07/29 18:47:46 Job executing on host: <131.169.164.5:40701?addrs=131.169.164.5-40701>
...
006 (2506080.000.000) 07/29 18:47:55 Image size of job updated: 115804
	111  -  MemoryUsage of job (MB)
	113296  -  ResidentSetSize of job (KB)
...
006 (2506080.000.000) 07/29 18:49:44 Image size of job updated: 310784
	111  -  MemoryUsage of job (MB)
	113296  -  ResidentSetSize of job (KB)
...
005 (2506080.000.000) 07/29 18:49:44 Job terminated.
	(1) Normal termination (return value 0)
		Usr 0 00:01:27, Sys 0 00:00:01  -  Run Remote Usage
		Usr 0 00:00:00, Sys 0 00:00:00  -  Run Local Usage
		Usr 0 00:01:27, Sys 0 00:00:01  -  Total Remote Usage
		Usr 0 00:00:00, Sys 0 00:00:00  -  Total Local Usage
	0  -  Run Bytes Sent By Job
	0  -  Run Bytes Received By Job
	0  -  Total Bytes Sent By Job
	0  -  Total Bytes Received By Job
	Partitionable Resources :    Usage  Request Allocated 
	   Cpus                 :     0.95        1         1 
	   Disk (KB)            :     1     2560000   3070349 
	   Memory (MB)          :   111        4096      4096 
...
