000 (2506081.000.000) 07/29 18:36:42 Job submitted from host: <131.169.223.41:9618?addrs=131.169.223.41-9618+[2001-638-700-10df--1-29]-9618&noUDP&sock=schedd_2006168_f5e8_3>
...
001 (2506081.000.000) 07/29 18:47:51 Job executing on host: <131.169.84.159:39928?addrs=131.169.84.159-39928>
...
006 (2506081.000.000) 07/29 18:48:00 Image size of job updated: 110152
	59  -  MemoryUsage of job (MB)
	59824  -  ResidentSetSize of job (KB)
...
006 (2506081.000.000) 07/29 18:49:06 Image size of job updated: 373900
	59  -  MemoryUsage of job (MB)
	59824  -  ResidentSetSize of job (KB)
...
005 (2506081.000.000) 07/29 18:49:06 Job terminated.
	(1) Normal termination (return value 0)
		Usr 0 00:00:35, Sys 0 00:00:00  -  Run Remote Usage
		Usr 0 00:00:00, Sys 0 00:00:00  -  Run Local Usage
		Usr 0 00:00:35, Sys 0 00:00:00  -  Total Remote Usage
		Usr 0 00:00:00, Sys 0 00:00:00  -  Total Local Usage
	0  -  Run Bytes Sent By Job
	0  -  Run Bytes Received By Job
	0  -  Total Bytes Sent By Job
	0  -  Total Bytes Received By Job
	Partitionable Resources :    Usage  Request Allocated 
	   Cpus                 :     0.30        1         1 
	   Disk (KB)            :     1     2560000   2837160 
	   Memory (MB)          :    59        4096      4096 
...
