000 (2506061.000.000) 07/29 18:36:38 Job submitted from host: <131.169.223.41:9618?addrs=131.169.223.41-9618+[2001-638-700-10df--1-29]-9618&noUDP&sock=schedd_2006168_f5e8_3>
...
000 (2506061.001.000) 07/29 18:36:38 Job submitted from host: <131.169.223.41:9618?addrs=131.169.223.41-9618+[2001-638-700-10df--1-29]-9618&noUDP&sock=schedd_2006168_f5e8_3>
...
000 (2506061.002.000) 07/29 18:36:38 Job submitted from host: <131.169.223.41:9618?addrs=131.169.223.41-9618+[2001-638-700-10df--1-29]-9618&noUDP&sock=schedd_2006168_f5e8_3>
...
000 (2506061.003.000) 07/29 18:36:38 Job submitted from host: <131.169.223.41:9618?addrs=131.169.223.41-9618+[2001-638-700-10df--1-29]-9618&noUDP&sock=schedd_2006168_f5e8_3>
...
001 (2506061.001.000) 07/29 18:47:49 Job executing on host: <131.169.164.15:34838?addrs=131.169.164.15-34838>
...
001 (2506061.002.000) 07/29 18:47:50 Job executing on host: <131.169.84.177:44243?addrs=131.169.84.177-44243>
...
001 (2506061.003.000) 07/29 18:47:50 Job executing on host: <131.169.84.107:35478?addrs=131.169.84.107-35478>
...
001 (2506061.000.000) 07/29 18:47:51 Job executing on host: <131.169.84.86:46752?addrs=131.169.84.86-46752>
...
006 (2506061.001.000) 07/29 18:47:58 Image size of job updated: 187696
	112  -  MemoryUsage of job (MB)
	114504  -  ResidentSetSize of job (KB)
...
006 (2506061.002.000) 07/29 18:47:59 Image size of job updated: 229724
	143  -  MemoryUsage of job (MB)
	145688  -  ResidentSetSize of job (KB)
...
006 (2506061.003.000) 07/29 18:47:59 Image size of job updated: 224632
	139  -  MemoryUsage of job (MB)
	141972  -  ResidentSetSize of job (KB)
...
006 (2506061.000.000) 07/29 18:48:01 Image size of job updated: 200936
	119  -  MemoryUsage of job (MB)
	121816  -  ResidentSetSize of job (KB)
...
005 (2506061.003.000) 07/29 18:48:25 Job terminated.
	(1) Normal termination (return value 0)
		Usr 0 00:00:15, Sys 0 00:00:01  -  Run Remote Usage
		Usr 0 00:00:00, Sys 0 00:00:00  -  Run Local Usage
		Usr 0 00:00:15, Sys 0 00:00:01  -  Total Remote Usage
		Usr 0 00:00:00, Sys 0 00:00:00  -  Total Local Usage
	0  -  Run Bytes Sent By Job
	0  -  Run Bytes Received By Job
	0  -  Total Bytes Sent By Job
	0  -  Total Bytes Received By Job
	Partitionable Resources :    Usage  Request Allocated 
	   Cpus                 :     0.00        1         1 
	   Disk (KB)            :     1     2560000   2762071 
	   Memory (MB)          :   139        4096      4096 
...
006 (2506061.002.000) 07/29 18:49:53 Image size of job updated: 229724
	143  -  MemoryUsage of job (MB)
	145908  -  ResidentSetSize of job (KB)
...
005 (2506061.002.000) 07/29 18:49:53 Job terminated.
	(1) Normal termination (return value 0)
		Usr 0 00:01:44, Sys 0 00:00:02  -  Run Remote Usage
		Usr 0 00:00:00, Sys 0 00:00:00  -  Run Local Usage
		Usr 0 00:01:44, Sys 0 00:00:02  -  Total Remote Usage
		Usr 0 00:00:00, Sys 0 00:00:00  -  Total Local Usage
	0  -  Run Bytes Sent By Job
	0  -  Run Bytes Received By Job
	0  -  Total Bytes Sent By Job
	0  -  Total Bytes Received By Job
	Partitionable Resources :    Usage  Request Allocated 
	   Cpus                 :     0.85        1         1 
	   Disk (KB)            :     1     2560000   2838174 
	   Memory (MB)          :   143        4096      4096 
...
006 (2506061.001.000) 07/29 18:49:58 Image size of job updated: 660052
	112  -  MemoryUsage of job (MB)
	114504  -  ResidentSetSize of job (KB)
...
005 (2506061.001.000) 07/29 18:49:58 Job terminated.
	(1) Normal termination (return value 0)
		Usr 0 00:01:40, Sys 0 00:00:01  -  Run Remote Usage
		Usr 0 00:00:00, Sys 0 00:00:00  -  Run Local Usage
		Usr 0 00:01:40, Sys 0 00:00:01  -  Total Remote Usage
		Usr 0 00:00:00, Sys 0 00:00:00  -  Total Local Usage
	0  -  Run Bytes Sent By Job
	0  -  Run Bytes Received By Job
	0  -  Total Bytes Sent By Job
	0  -  Total Bytes Received By Job
	Partitionable Resources :    Usage  Request Allocated 
	   Cpus                 :     0.99        1         1 
	   Disk (KB)            :     1     2560000   3074864 
	   Memory (MB)          :   112        4096      4096 
...
005 (2506061.000.000) 07/29 18:50:27 Job terminated.
	(1) Normal termination (return value 0)
		Usr 0 00:01:54, Sys 0 00:00:02  -  Run Remote Usage
		Usr 0 00:00:00, Sys 0 00:00:00  -  Run Local Usage
		Usr 0 00:01:54, Sys 0 00:00:02  -  Total Remote Usage
		Usr 0 00:00:00, Sys 0 00:00:00  -  Total Local Usage
	0  -  Run Bytes Sent By Job
	0  -  Run Bytes Received By Job
	0  -  Total Bytes Sent By Job
	0  -  Total Bytes Received By Job
	Partitionable Resources :    Usage  Request Allocated 
	   Cpus                 :     0.95        1         1 
	   Disk (KB)            :     1     2560000   2800124 
	   Memory (MB)          :   119        4096      4096 
...
