000 (2506060.000.000) 07/29 18:36:38 Job submitted from host: <131.169.223.41:9618?addrs=131.169.223.41-9618+[2001-638-700-10df--1-29]-9618&noUDP&sock=schedd_2006168_f5e8_3>
...
000 (2506060.001.000) 07/29 18:36:38 Job submitted from host: <131.169.223.41:9618?addrs=131.169.223.41-9618+[2001-638-700-10df--1-29]-9618&noUDP&sock=schedd_2006168_f5e8_3>
...
001 (2506060.001.000) 07/29 18:47:45 Job executing on host: <131.169.84.92:45650?addrs=131.169.84.92-45650>
...
001 (2506060.000.000) 07/29 18:47:51 Job executing on host: <131.169.77.145:46255?addrs=131.169.77.145-46255>
...
006 (2506060.001.000) 07/29 18:47:53 Image size of job updated: 157056
	141  -  MemoryUsage of job (MB)
	144280  -  ResidentSetSize of job (KB)
...
006 (2506060.000.000) 07/29 18:48:00 Image size of job updated: 234596
	148  -  MemoryUsage of job (MB)
	150776  -  ResidentSetSize of job (KB)
...
006 (2506060.001.000) 07/29 18:49:48 Image size of job updated: 157056
	142  -  MemoryUsage of job (MB)
	144464  -  ResidentSetSize of job (KB)
...
005 (2506060.001.000) 07/29 18:49:48 Job terminated.
	(1) Normal termination (return value 0)
		Usr 0 00:01:35, Sys 0 00:00:02  -  Run Remote Usage
		Usr 0 00:00:00, Sys 0 00:00:00  -  Run Local Usage
		Usr 0 00:01:35, Sys 0 00:00:02  -  Total Remote Usage
		Usr 0 00:00:00, Sys 0 00:00:00  -  Total Local Usage
	0  -  Run Bytes Sent By Job
	0  -  Run Bytes Received By Job
	0  -  Total Bytes Sent By Job
	0  -  Total Bytes Received By Job
	Partitionable Resources :    Usage  Request Allocated 
	   Cpus                 :     0.01        1         1 
	   Disk (KB)            :     1     2560000   2792027 
	   Memory (MB)          :   142        4096      4096 
...
006 (2506060.000.000) 07/29 18:49:50 Image size of job updated: 382948
	148  -  MemoryUsage of job (MB)
	150776  -  ResidentSetSize of job (KB)
...
005 (2506060.000.000) 07/29 18:49:51 Job terminated.
	(1) Normal termination (return value 0)
		Usr 0 00:01:39, Sys 0 00:00:02  -  Run Remote Usage
		Usr 0 00:00:00, Sys 0 00:00:00  -  Run Local Usage
		Usr 0 00:01:39, Sys 0 00:00:02  -  Total Remote Usage
		Usr 0 00:00:00, Sys 0 00:00:00  -  Total Local Usage
	0  -  Run Bytes Sent By Job
	0  -  Run Bytes Received By Job
	0  -  Total Bytes Sent By Job
	0  -  Total Bytes Received By Job
	Partitionable Resources :    Usage  Request Allocated 
	   Cpus                 :     0.95        1         1 
	   Disk (KB)            :     1     2560000   2824386 
	   Memory (MB)          :   148        4096      4096 
...
