000 (2506072.000.000) 07/29 18:36:41 Job submitted from host: <131.169.223.41:9618?addrs=131.169.223.41-9618+[2001-638-700-10df--1-29]-9618&noUDP&sock=schedd_2006168_f5e8_3>
...
000 (2506072.001.000) 07/29 18:36:41 Job submitted from host: <131.169.223.41:9618?addrs=131.169.223.41-9618+[2001-638-700-10df--1-29]-9618&noUDP&sock=schedd_2006168_f5e8_3>
...
001 (2506072.001.000) 07/29 18:47:47 Job executing on host: <131.169.77.15:34454?addrs=131.169.77.15-34454>
...
001 (2506072.000.000) 07/29 18:47:51 Job executing on host: <131.169.163.103:34063?addrs=131.169.163.103-34063>
...
006 (2506072.001.000) 07/29 18:47:56 Image size of job updated: 235492
	146  -  MemoryUsage of job (MB)
	149424  -  ResidentSetSize of job (KB)
...
006 (2506072.000.000) 07/29 18:47:59 Image size of job updated: 187516
	112  -  MemoryUsage of job (MB)
	114256  -  ResidentSetSize of job (KB)
...
006 (2506072.001.000) 07/29 18:49:28 Image size of job updated: 383932
	147  -  MemoryUsage of job (MB)
	149552  -  ResidentSetSize of job (KB)
...
005 (2506072.001.000) 07/29 18:49:28 Job terminated.
	(1) Normal termination (return value 0)
		Usr 0 00:01:23, Sys 0 00:00:01  -  Run Remote Usage
		Usr 0 00:00:00, Sys 0 00:00:00  -  Run Local Usage
		Usr 0 00:01:23, Sys 0 00:00:01  -  Total Remote Usage
		Usr 0 00:00:00, Sys 0 00:00:00  -  Total Local Usage
	0  -  Run Bytes Sent By Job
	0  -  Run Bytes Received By Job
	0  -  Total Bytes Sent By Job
	0  -  Total Bytes Received By Job
	Partitionable Resources :    Usage  Request Allocated 
	   Cpus                 :     0.96        1         1 
	   Disk (KB)            :     1     2560000   2828831 
	   Memory (MB)          :   147        4096      4096 
...
006 (2506072.000.000) 07/29 18:50:53 Image size of job updated: 187516
	113  -  MemoryUsage of job (MB)
	115108  -  ResidentSetSize of job (KB)
...
005 (2506072.000.000) 07/29 18:50:53 Job terminated.
	(1) Normal termination (return value 0)
		Usr 0 00:02:25, Sys 0 00:00:02  -  Run Remote Usage
		Usr 0 00:00:00, Sys 0 00:00:00  -  Run Local Usage
		Usr 0 00:02:25, Sys 0 00:00:02  -  Total Remote Usage
		Usr 0 00:00:00, Sys 0 00:00:00  -  Total Local Usage
	0  -  Run Bytes Sent By Job
	0  -  Run Bytes Received By Job
	0  -  Total Bytes Sent By Job
	0  -  Total Bytes Received By Job
	Partitionable Resources :    Usage  Request Allocated 
	   Cpus                 :     0.99        1         1 
	   Disk (KB)            :     1     2560000   3249206 
	   Memory (MB)          :   113        4096      4096 
...
