000 (2506053.000.000) 07/29 18:36:37 Job submitted from host: <131.169.223.41:9618?addrs=131.169.223.41-9618+[2001-638-700-10df--1-29]-9618&noUDP&sock=schedd_2006168_f5e8_3>
...
000 (2506053.001.000) 07/29 18:36:37 Job submitted from host: <131.169.223.41:9618?addrs=131.169.223.41-9618+[2001-638-700-10df--1-29]-9618&noUDP&sock=schedd_2006168_f5e8_3>
...
001 (2506053.000.000) 07/29 18:47:50 Job executing on host: <131.169.76.205:38635?addrs=131.169.76.205-38635>
...
001 (2506053.001.000) 07/29 18:47:50 Job executing on host: <131.169.84.200:46100?addrs=131.169.84.200-46100>
...
006 (2506053.000.000) 07/29 18:47:58 Image size of job updated: 100120
	56  -  MemoryUsage of job (MB)
	56356  -  ResidentSetSize of job (KB)
...
006 (2506053.001.000) 07/29 18:47:59 Image size of job updated: 68384
	64  -  MemoryUsage of job (MB)
	64968  -  ResidentSetSize of job (KB)
...
006 (2506053.000.000) 07/29 18:48:14 Image size of job updated: 100120
	56  -  MemoryUsage of job (MB)
	56392  -  ResidentSetSize of job (KB)
...
005 (2506053.000.000) 07/29 18:48:14 Job terminated.
	(1) Normal termination (return value 254)
		Usr 0 00:00:01, Sys 0 00:00:00  -  Run Remote Usage
		Usr 0 00:00:00, Sys 0 00:00:00  -  Run Local Usage
		Usr 0 00:00:01, Sys 0 00:00:00  -  Total Remote Usage
		Usr 0 00:00:00, Sys 0 00:00:00  -  Total Local Usage
	0  -  Run Bytes Sent By Job
	0  -  Run Bytes Received By Job
	0  -  Total Bytes Sent By Job
	0  -  Total Bytes Received By Job
	Partitionable Resources :    Usage  Request Allocated 
	   Cpus                 :        0        1         1 
	   Disk (KB)            :        1  2560000   2778630 
	   Memory (MB)          :       56     4096      4096 
...
006 (2506053.001.000) 07/29 18:48:14 Image size of job updated: 147420
	67  -  MemoryUsage of job (MB)
	68340  -  ResidentSetSize of job (KB)
...
005 (2506053.001.000) 07/29 18:48:14 Job terminated.
	(1) Normal termination (return value 254)
		Usr 0 00:00:01, Sys 0 00:00:00  -  Run Remote Usage
		Usr 0 00:00:00, Sys 0 00:00:00  -  Run Local Usage
		Usr 0 00:00:01, Sys 0 00:00:00  -  Total Remote Usage
		Usr 0 00:00:00, Sys 0 00:00:00  -  Total Local Usage
	0  -  Run Bytes Sent By Job
	0  -  Run Bytes Received By Job
	0  -  Total Bytes Sent By Job
	0  -  Total Bytes Received By Job
	Partitionable Resources :    Usage  Request Allocated 
	   Cpus                 :        0        1         1 
	   Disk (KB)            :        1  2560000   2735563 
	   Memory (MB)          :       67     4096      4096 
...
