hadd Target file: /nfs/dust/cms/user/schwarzd/JetMass/PostSel/uhh2.AnalysisModuleRunner.MC.TTbar_Mtt0700to1000.root
hadd compression setting for all ouput: 1
hadd Source file 1: /nfs/dust/cms/user/schwarzd/JetMass/PostSel/PostSel_workdir/uhh2.AnalysisModuleRunner.MC.TTbar_Mtt0700to1000_0.root
hadd Source file 2: /nfs/dust/cms/user/schwarzd/JetMass/PostSel/PostSel_workdir/uhh2.AnalysisModuleRunner.MC.TTbar_Mtt0700to1000_1.root
hadd Source file 3: /nfs/dust/cms/user/schwarzd/JetMass/PostSel/PostSel_workdir/uhh2.AnalysisModuleRunner.MC.TTbar_Mtt0700to1000_2.root
hadd Source file 4: /nfs/dust/cms/user/schwarzd/JetMass/PostSel/PostSel_workdir/uhh2.AnalysisModuleRunner.MC.TTbar_Mtt0700to1000_3.root
hadd Source file 5: /nfs/dust/cms/user/schwarzd/JetMass/PostSel/PostSel_workdir/uhh2.AnalysisModuleRunner.MC.TTbar_Mtt0700to1000_4.root
hadd Source file 6: /nfs/dust/cms/user/schwarzd/JetMass/PostSel/PostSel_workdir/uhh2.AnalysisModuleRunner.MC.TTbar_Mtt0700to1000_5.root
hadd Source file 7: /nfs/dust/cms/user/schwarzd/JetMass/PostSel/PostSel_workdir/uhh2.AnalysisModuleRunner.MC.TTbar_Mtt0700to1000_6.root
hadd Source file 8: /nfs/dust/cms/user/schwarzd/JetMass/PostSel/PostSel_workdir/uhh2.AnalysisModuleRunner.MC.TTbar_Mtt0700to1000_7.root
hadd Source file 9: /nfs/dust/cms/user/schwarzd/JetMass/PostSel/PostSel_workdir/uhh2.AnalysisModuleRunner.MC.TTbar_Mtt0700to1000_8.root
hadd Source file 10: /nfs/dust/cms/user/schwarzd/JetMass/PostSel/PostSel_workdir/uhh2.AnalysisModuleRunner.MC.TTbar_Mtt0700to1000_9.root
hadd Source file 11: /nfs/dust/cms/user/schwarzd/JetMass/PostSel/PostSel_workdir/uhh2.AnalysisModuleRunner.MC.TTbar_Mtt0700to1000_10.root
hadd Source file 12: /nfs/dust/cms/user/schwarzd/JetMass/PostSel/PostSel_workdir/uhh2.AnalysisModuleRunner.MC.TTbar_Mtt0700to1000_11.root
hadd Source file 13: /nfs/dust/cms/user/schwarzd/JetMass/PostSel/PostSel_workdir/uhh2.AnalysisModuleRunner.MC.TTbar_Mtt0700to1000_12.root
hadd Source file 14: /nfs/dust/cms/user/schwarzd/JetMass/PostSel/PostSel_workdir/uhh2.AnalysisModuleRunner.MC.TTbar_Mtt0700to1000_13.root
hadd Source file 15: /nfs/dust/cms/user/schwarzd/JetMass/PostSel/PostSel_workdir/uhh2.AnalysisModuleRunner.MC.TTbar_Mtt0700to1000_14.root
hadd Source file 16: /nfs/dust/cms/user/schwarzd/JetMass/PostSel/PostSel_workdir/uhh2.AnalysisModuleRunner.MC.TTbar_Mtt0700to1000_15.root
hadd Source file 17: /nfs/dust/cms/user/schwarzd/JetMass/PostSel/PostSel_workdir/uhh2.AnalysisModuleRunner.MC.TTbar_Mtt0700to1000_16.root
hadd Source file 18: /nfs/dust/cms/user/schwarzd/JetMass/PostSel/PostSel_workdir/uhh2.AnalysisModuleRunner.MC.TTbar_Mtt0700to1000_17.root
hadd Source file 19: /nfs/dust/cms/user/schwarzd/JetMass/PostSel/PostSel_workdir/uhh2.AnalysisModuleRunner.MC.TTbar_Mtt0700to1000_18.root
hadd Source file 20: /nfs/dust/cms/user/schwarzd/JetMass/PostSel/PostSel_workdir/uhh2.AnalysisModuleRunner.MC.TTbar_Mtt0700to1000_19.root
hadd Source file 21: /nfs/dust/cms/user/schwarzd/JetMass/PostSel/PostSel_workdir/uhh2.AnalysisModuleRunner.MC.TTbar_Mtt0700to1000_20.root
hadd Source file 22: /nfs/dust/cms/user/schwarzd/JetMass/PostSel/PostSel_workdir/uhh2.AnalysisModuleRunner.MC.TTbar_Mtt0700to1000_21.root
hadd Source file 23: /nfs/dust/cms/user/schwarzd/JetMass/PostSel/PostSel_workdir/uhh2.AnalysisModuleRunner.MC.TTbar_Mtt0700to1000_22.root
hadd Target path: /nfs/dust/cms/user/schwarzd/JetMass/PostSel/uhh2.AnalysisModuleRunner.MC.TTbar_Mtt0700to1000.root:/
hadd Target path: /nfs/dust/cms/user/schwarzd/JetMass/PostSel/uhh2.AnalysisModuleRunner.MC.TTbar_Mtt0700to1000.root:/JetMass_pt200
hadd Target path: /nfs/dust/cms/user/schwarzd/JetMass/PostSel/uhh2.AnalysisModuleRunner.MC.TTbar_Mtt0700to1000.root:/JetMass_pt300
hadd Target path: /nfs/dust/cms/user/schwarzd/JetMass/PostSel/uhh2.AnalysisModuleRunner.MC.TTbar_Mtt0700to1000.root:/JetMass_pt400
hadd Target path: /nfs/dust/cms/user/schwarzd/JetMass/PostSel/uhh2.AnalysisModuleRunner.MC.TTbar_Mtt0700to1000.root:/JetMass_2jets_pt200
hadd Target path: /nfs/dust/cms/user/schwarzd/JetMass/PostSel/uhh2.AnalysisModuleRunner.MC.TTbar_Mtt0700to1000.root:/JetMass_2jets_pt300
hadd Target path: /nfs/dust/cms/user/schwarzd/JetMass/PostSel/uhh2.AnalysisModuleRunner.MC.TTbar_Mtt0700to1000.root:/JetMass_2jets_pt400
hadd Target path: /nfs/dust/cms/user/schwarzd/JetMass/PostSel/uhh2.AnalysisModuleRunner.MC.TTbar_Mtt0700to1000.root:/SFrame
