000 (2506069.000.000) 07/29 18:36:40 Job submitted from host: <131.169.223.41:9618?addrs=131.169.223.41-9618+[2001-638-700-10df--1-29]-9618&noUDP&sock=schedd_2006168_f5e8_3>
...
000 (2506069.001.000) 07/29 18:36:40 Job submitted from host: <131.169.223.41:9618?addrs=131.169.223.41-9618+[2001-638-700-10df--1-29]-9618&noUDP&sock=schedd_2006168_f5e8_3>
...
000 (2506069.002.000) 07/29 18:36:40 Job submitted from host: <131.169.223.41:9618?addrs=131.169.223.41-9618+[2001-638-700-10df--1-29]-9618&noUDP&sock=schedd_2006168_f5e8_3>
...
000 (2506069.003.000) 07/29 18:36:40 Job submitted from host: <131.169.223.41:9618?addrs=131.169.223.41-9618+[2001-638-700-10df--1-29]-9618&noUDP&sock=schedd_2006168_f5e8_3>
...
000 (2506069.004.000) 07/29 18:36:40 Job submitted from host: <131.169.223.41:9618?addrs=131.169.223.41-9618+[2001-638-700-10df--1-29]-9618&noUDP&sock=schedd_2006168_f5e8_3>
...
000 (2506069.005.000) 07/29 18:36:40 Job submitted from host: <131.169.223.41:9618?addrs=131.169.223.41-9618+[2001-638-700-10df--1-29]-9618&noUDP&sock=schedd_2006168_f5e8_3>
...
000 (2506069.006.000) 07/29 18:36:40 Job submitted from host: <131.169.223.41:9618?addrs=131.169.223.41-9618+[2001-638-700-10df--1-29]-9618&noUDP&sock=schedd_2006168_f5e8_3>
...
000 (2506069.007.000) 07/29 18:36:40 Job submitted from host: <131.169.223.41:9618?addrs=131.169.223.41-9618+[2001-638-700-10df--1-29]-9618&noUDP&sock=schedd_2006168_f5e8_3>
...
000 (2506069.008.000) 07/29 18:36:40 Job submitted from host: <131.169.223.41:9618?addrs=131.169.223.41-9618+[2001-638-700-10df--1-29]-9618&noUDP&sock=schedd_2006168_f5e8_3>
...
000 (2506069.009.000) 07/29 18:36:40 Job submitted from host: <131.169.223.41:9618?addrs=131.169.223.41-9618+[2001-638-700-10df--1-29]-9618&noUDP&sock=schedd_2006168_f5e8_3>
...
000 (2506069.010.000) 07/29 18:36:40 Job submitted from host: <131.169.223.41:9618?addrs=131.169.223.41-9618+[2001-638-700-10df--1-29]-9618&noUDP&sock=schedd_2006168_f5e8_3>
...
000 (2506069.011.000) 07/29 18:36:40 Job submitted from host: <131.169.223.41:9618?addrs=131.169.223.41-9618+[2001-638-700-10df--1-29]-9618&noUDP&sock=schedd_2006168_f5e8_3>
...
000 (2506069.012.000) 07/29 18:36:40 Job submitted from host: <131.169.223.41:9618?addrs=131.169.223.41-9618+[2001-638-700-10df--1-29]-9618&noUDP&sock=schedd_2006168_f5e8_3>
...
000 (2506069.013.000) 07/29 18:36:40 Job submitted from host: <131.169.223.41:9618?addrs=131.169.223.41-9618+[2001-638-700-10df--1-29]-9618&noUDP&sock=schedd_2006168_f5e8_3>
...
000 (2506069.014.000) 07/29 18:36:40 Job submitted from host: <131.169.223.41:9618?addrs=131.169.223.41-9618+[2001-638-700-10df--1-29]-9618&noUDP&sock=schedd_2006168_f5e8_3>
...
000 (2506069.015.000) 07/29 18:36:40 Job submitted from host: <131.169.223.41:9618?addrs=131.169.223.41-9618+[2001-638-700-10df--1-29]-9618&noUDP&sock=schedd_2006168_f5e8_3>
...
000 (2506069.016.000) 07/29 18:36:40 Job submitted from host: <131.169.223.41:9618?addrs=131.169.223.41-9618+[2001-638-700-10df--1-29]-9618&noUDP&sock=schedd_2006168_f5e8_3>
...
000 (2506069.017.000) 07/29 18:36:40 Job submitted from host: <131.169.223.41:9618?addrs=131.169.223.41-9618+[2001-638-700-10df--1-29]-9618&noUDP&sock=schedd_2006168_f5e8_3>
...
000 (2506069.018.000) 07/29 18:36:40 Job submitted from host: <131.169.223.41:9618?addrs=131.169.223.41-9618+[2001-638-700-10df--1-29]-9618&noUDP&sock=schedd_2006168_f5e8_3>
...
000 (2506069.019.000) 07/29 18:36:40 Job submitted from host: <131.169.223.41:9618?addrs=131.169.223.41-9618+[2001-638-700-10df--1-29]-9618&noUDP&sock=schedd_2006168_f5e8_3>
...
000 (2506069.020.000) 07/29 18:36:40 Job submitted from host: <131.169.223.41:9618?addrs=131.169.223.41-9618+[2001-638-700-10df--1-29]-9618&noUDP&sock=schedd_2006168_f5e8_3>
...
000 (2506069.021.000) 07/29 18:36:40 Job submitted from host: <131.169.223.41:9618?addrs=131.169.223.41-9618+[2001-638-700-10df--1-29]-9618&noUDP&sock=schedd_2006168_f5e8_3>
...
000 (2506069.022.000) 07/29 18:36:40 Job submitted from host: <131.169.223.41:9618?addrs=131.169.223.41-9618+[2001-638-700-10df--1-29]-9618&noUDP&sock=schedd_2006168_f5e8_3>
...
001 (2506069.001.000) 07/29 18:47:45 Job executing on host: <131.169.84.204:42750?addrs=131.169.84.204-42750>
...
001 (2506069.005.000) 07/29 18:47:45 Job executing on host: <131.169.77.147:42804?addrs=131.169.77.147-42804>
...
001 (2506069.004.000) 07/29 18:47:46 Job executing on host: <131.169.84.203:35201?addrs=131.169.84.203-35201>
...
001 (2506069.017.000) 07/29 18:47:47 Job executing on host: <131.169.77.40:38527?addrs=131.169.77.40-38527>
...
001 (2506069.020.000) 07/29 18:47:49 Job executing on host: <131.169.77.29:36756?addrs=131.169.77.29-36756>
...
001 (2506069.011.000) 07/29 18:47:49 Job executing on host: <131.169.84.137:35665?addrs=131.169.84.137-35665>
...
001 (2506069.000.000) 07/29 18:47:50 Job executing on host: <131.169.84.217:39668?addrs=131.169.84.217-39668>
...
001 (2506069.021.000) 07/29 18:47:50 Job executing on host: <131.169.84.176:33995?addrs=131.169.84.176-33995>
...
001 (2506069.013.000) 07/29 18:47:50 Job executing on host: <131.169.84.133:37694?addrs=131.169.84.133-37694>
...
001 (2506069.007.000) 07/29 18:47:50 Job executing on host: <131.169.77.144:38198?addrs=131.169.77.144-38198>
...
001 (2506069.012.000) 07/29 18:47:51 Job executing on host: <131.169.84.134:34537?addrs=131.169.84.134-34537>
...
001 (2506069.002.000) 07/29 18:47:51 Job executing on host: <131.169.84.116:35933?addrs=131.169.84.116-35933>
...
001 (2506069.016.000) 07/29 18:47:51 Job executing on host: <131.169.77.212:43704?addrs=131.169.77.212-43704>
...
001 (2506069.014.000) 07/29 18:47:51 Job executing on host: <131.169.77.26:33869?addrs=131.169.77.26-33869>
...
001 (2506069.015.000) 07/29 18:47:51 Job executing on host: <131.169.163.139:39068?addrs=131.169.163.139-39068>
...
001 (2506069.009.000) 07/29 18:47:51 Job executing on host: <131.169.77.24:46234?addrs=131.169.77.24-46234>
...
001 (2506069.019.000) 07/29 18:47:51 Job executing on host: <131.169.77.37:39466?addrs=131.169.77.37-39466>
...
001 (2506069.022.000) 07/29 18:47:52 Job executing on host: <131.169.77.49:45075?addrs=131.169.77.49-45075>
...
001 (2506069.018.000) 07/29 18:47:52 Job executing on host: <131.169.77.34:35100?addrs=131.169.77.34-35100>
...
001 (2506069.006.000) 07/29 18:47:52 Job executing on host: <131.169.77.16:42042?addrs=131.169.77.16-42042>
...
001 (2506069.003.000) 07/29 18:47:52 Job executing on host: <131.169.84.88:45432?addrs=131.169.84.88-45432>
...
001 (2506069.008.000) 07/29 18:47:53 Job executing on host: <131.169.84.140:34356?addrs=131.169.84.140-34356>
...
006 (2506069.005.000) 07/29 18:47:54 Image size of job updated: 205164
	177  -  MemoryUsage of job (MB)
	180468  -  ResidentSetSize of job (KB)
...
001 (2506069.010.000) 07/29 18:47:54 Job executing on host: <131.169.84.141:38001?addrs=131.169.84.141-38001>
...
006 (2506069.001.000) 07/29 18:47:54 Image size of job updated: 158212
	152  -  MemoryUsage of job (MB)
	154888  -  ResidentSetSize of job (KB)
...
006 (2506069.004.000) 07/29 18:47:55 Image size of job updated: 264968
	177  -  MemoryUsage of job (MB)
	180464  -  ResidentSetSize of job (KB)
...
006 (2506069.017.000) 07/29 18:47:56 Image size of job updated: 106612
	45  -  MemoryUsage of job (MB)
	45784  -  ResidentSetSize of job (KB)
...
006 (2506069.011.000) 07/29 18:47:58 Image size of job updated: 262356
	177  -  MemoryUsage of job (MB)
	180480  -  ResidentSetSize of job (KB)
...
006 (2506069.020.000) 07/29 18:47:58 Image size of job updated: 84040
	34  -  MemoryUsage of job (MB)
	34444  -  ResidentSetSize of job (KB)
...
006 (2506069.000.000) 07/29 18:47:58 Image size of job updated: 262152
	177  -  MemoryUsage of job (MB)
	180480  -  ResidentSetSize of job (KB)
...
006 (2506069.007.000) 07/29 18:47:59 Image size of job updated: 265184
	177  -  MemoryUsage of job (MB)
	180556  -  ResidentSetSize of job (KB)
...
006 (2506069.012.000) 07/29 18:47:59 Image size of job updated: 92508
	54  -  MemoryUsage of job (MB)
	54540  -  ResidentSetSize of job (KB)
...
006 (2506069.002.000) 07/29 18:47:59 Image size of job updated: 58740
	55  -  MemoryUsage of job (MB)
	55808  -  ResidentSetSize of job (KB)
...
006 (2506069.013.000) 07/29 18:47:59 Image size of job updated: 195600
	178  -  MemoryUsage of job (MB)
	181908  -  ResidentSetSize of job (KB)
...
006 (2506069.021.000) 07/29 18:47:59 Image size of job updated: 186148
	178  -  MemoryUsage of job (MB)
	181788  -  ResidentSetSize of job (KB)
...
006 (2506069.009.000) 07/29 18:48:00 Image size of job updated: 208756
	134  -  MemoryUsage of job (MB)
	136988  -  ResidentSetSize of job (KB)
...
006 (2506069.019.000) 07/29 18:48:00 Image size of job updated: 266808
	177  -  MemoryUsage of job (MB)
	180448  -  ResidentSetSize of job (KB)
...
006 (2506069.015.000) 07/29 18:48:00 Image size of job updated: 125072
	71  -  MemoryUsage of job (MB)
	71872  -  ResidentSetSize of job (KB)
...
006 (2506069.022.000) 07/29 18:48:00 Image size of job updated: 263744
	178  -  MemoryUsage of job (MB)
	181956  -  ResidentSetSize of job (KB)
...
006 (2506069.016.000) 07/29 18:48:00 Image size of job updated: 204996
	122  -  MemoryUsage of job (MB)
	124772  -  ResidentSetSize of job (KB)
...
006 (2506069.014.000) 07/29 18:48:00 Image size of job updated: 149988
	132  -  MemoryUsage of job (MB)
	134568  -  ResidentSetSize of job (KB)
...
006 (2506069.018.000) 07/29 18:48:01 Image size of job updated: 262016
	177  -  MemoryUsage of job (MB)
	180480  -  ResidentSetSize of job (KB)
...
006 (2506069.006.000) 07/29 18:48:01 Image size of job updated: 142696
	134  -  MemoryUsage of job (MB)
	136536  -  ResidentSetSize of job (KB)
...
006 (2506069.003.000) 07/29 18:48:01 Image size of job updated: 183940
	177  -  MemoryUsage of job (MB)
	180480  -  ResidentSetSize of job (KB)
...
006 (2506069.008.000) 07/29 18:48:02 Image size of job updated: 65744
	59  -  MemoryUsage of job (MB)
	59396  -  ResidentSetSize of job (KB)
...
006 (2506069.010.000) 07/29 18:48:03 Image size of job updated: 124288
	69  -  MemoryUsage of job (MB)
	69940  -  ResidentSetSize of job (KB)
...
006 (2506069.022.000) 07/29 18:48:46 Image size of job updated: 263744
	178  -  MemoryUsage of job (MB)
	181980  -  ResidentSetSize of job (KB)
...
005 (2506069.022.000) 07/29 18:48:46 Job terminated.
	(1) Normal termination (return value 0)
		Usr 0 00:00:39, Sys 0 00:00:02  -  Run Remote Usage
		Usr 0 00:00:00, Sys 0 00:00:00  -  Run Local Usage
		Usr 0 00:00:39, Sys 0 00:00:02  -  Total Remote Usage
		Usr 0 00:00:00, Sys 0 00:00:00  -  Total Local Usage
	0  -  Run Bytes Sent By Job
	0  -  Run Bytes Received By Job
	0  -  Total Bytes Sent By Job
	0  -  Total Bytes Received By Job
	Partitionable Resources :    Usage  Request Allocated 
	   Cpus                 :     1.00        1         1 
	   Disk (KB)            :     1     2560000   2830186 
	   Memory (MB)          :   178        4096      4096 
...
006 (2506069.021.000) 07/29 18:50:11 Image size of job updated: 186148
	178  -  MemoryUsage of job (MB)
	181836  -  ResidentSetSize of job (KB)
...
005 (2506069.021.000) 07/29 18:50:11 Job terminated.
	(1) Normal termination (return value 0)
		Usr 0 00:01:58, Sys 0 00:00:02  -  Run Remote Usage
		Usr 0 00:00:00, Sys 0 00:00:00  -  Run Local Usage
		Usr 0 00:01:58, Sys 0 00:00:02  -  Total Remote Usage
		Usr 0 00:00:00, Sys 0 00:00:00  -  Total Local Usage
	0  -  Run Bytes Sent By Job
	0  -  Run Bytes Received By Job
	0  -  Total Bytes Sent By Job
	0  -  Total Bytes Received By Job
	Partitionable Resources :    Usage  Request Allocated 
	   Cpus                 :     0.92        1         1 
	   Disk (KB)            :     1     2560000   2839058 
	   Memory (MB)          :   178        4096      4096 
...
006 (2506069.007.000) 07/29 18:50:12 Image size of job updated: 404128
	177  -  MemoryUsage of job (MB)
	180596  -  ResidentSetSize of job (KB)
...
005 (2506069.007.000) 07/29 18:50:12 Job terminated.
	(1) Normal termination (return value 0)
		Usr 0 00:01:56, Sys 0 00:00:03  -  Run Remote Usage
		Usr 0 00:00:00, Sys 0 00:00:00  -  Run Local Usage
		Usr 0 00:01:56, Sys 0 00:00:03  -  Total Remote Usage
		Usr 0 00:00:00, Sys 0 00:00:00  -  Total Local Usage
	0  -  Run Bytes Sent By Job
	0  -  Run Bytes Received By Job
	0  -  Total Bytes Sent By Job
	0  -  Total Bytes Received By Job
	Partitionable Resources :    Usage  Request Allocated 
	   Cpus                 :     0.97        1         1 
	   Disk (KB)            :     1     2560000   2821203 
	   Memory (MB)          :   177        4096      4096 
...
005 (2506069.005.000) 07/29 18:50:13 Job terminated.
	(1) Normal termination (return value 0)
		Usr 0 00:02:00, Sys 0 00:00:01  -  Run Remote Usage
		Usr 0 00:00:00, Sys 0 00:00:00  -  Run Local Usage
		Usr 0 00:02:00, Sys 0 00:00:01  -  Total Remote Usage
		Usr 0 00:00:00, Sys 0 00:00:00  -  Total Local Usage
	0  -  Run Bytes Sent By Job
	0  -  Run Bytes Received By Job
	0  -  Total Bytes Sent By Job
	0  -  Total Bytes Received By Job
	Partitionable Resources :    Usage  Request Allocated 
	   Cpus                 :     0.93        1         1 
	   Disk (KB)            :     1     2560000   2825420 
	   Memory (MB)          :   177        4096      4096 
...
006 (2506069.019.000) 07/29 18:50:17 Image size of job updated: 405964
	177  -  MemoryUsage of job (MB)
	180452  -  ResidentSetSize of job (KB)
...
005 (2506069.019.000) 07/29 18:50:17 Job terminated.
	(1) Normal termination (return value 0)
		Usr 0 00:02:04, Sys 0 00:00:02  -  Run Remote Usage
		Usr 0 00:00:00, Sys 0 00:00:00  -  Run Local Usage
		Usr 0 00:02:04, Sys 0 00:00:02  -  Total Remote Usage
		Usr 0 00:00:00, Sys 0 00:00:00  -  Total Local Usage
	0  -  Run Bytes Sent By Job
	0  -  Run Bytes Received By Job
	0  -  Total Bytes Sent By Job
	0  -  Total Bytes Received By Job
	Partitionable Resources :    Usage  Request Allocated 
	   Cpus                 :     0.97        1         1 
	   Disk (KB)            :     1     2560000   2826592 
	   Memory (MB)          :   177        4096      4096 
...
006 (2506069.000.000) 07/29 18:50:23 Image size of job updated: 401656
	177  -  MemoryUsage of job (MB)
	180480  -  ResidentSetSize of job (KB)
...
005 (2506069.000.000) 07/29 18:50:23 Job terminated.
	(1) Normal termination (return value 0)
		Usr 0 00:02:10, Sys 0 00:00:01  -  Run Remote Usage
		Usr 0 00:00:00, Sys 0 00:00:00  -  Run Local Usage
		Usr 0 00:02:10, Sys 0 00:00:01  -  Total Remote Usage
		Usr 0 00:00:00, Sys 0 00:00:00  -  Total Local Usage
	0  -  Run Bytes Sent By Job
	0  -  Run Bytes Received By Job
	0  -  Total Bytes Sent By Job
	0  -  Total Bytes Received By Job
	Partitionable Resources :    Usage  Request Allocated 
	   Cpus                 :     0.88        1         1 
	   Disk (KB)            :     1     2560000   2788823 
	   Memory (MB)          :   177        4096      4096 
...
005 (2506069.011.000) 07/29 18:50:27 Job terminated.
	(1) Normal termination (return value 0)
		Usr 0 00:02:14, Sys 0 00:00:02  -  Run Remote Usage
		Usr 0 00:00:00, Sys 0 00:00:00  -  Run Local Usage
		Usr 0 00:02:14, Sys 0 00:00:02  -  Total Remote Usage
		Usr 0 00:00:00, Sys 0 00:00:00  -  Total Local Usage
	0  -  Run Bytes Sent By Job
	0  -  Run Bytes Received By Job
	0  -  Total Bytes Sent By Job
	0  -  Total Bytes Received By Job
	Partitionable Resources :    Usage  Request Allocated 
	   Cpus                 :     0.96        1         1 
	   Disk (KB)            :     1     2560000   2797182 
	   Memory (MB)          :   177        4096      4096 
...
006 (2506069.016.000) 07/29 18:50:30 Image size of job updated: 204996
	123  -  MemoryUsage of job (MB)
	125584  -  ResidentSetSize of job (KB)
...
005 (2506069.016.000) 07/29 18:50:30 Job terminated.
	(1) Normal termination (return value 0)
		Usr 0 00:01:58, Sys 0 00:00:02  -  Run Remote Usage
		Usr 0 00:00:00, Sys 0 00:00:00  -  Run Local Usage
		Usr 0 00:01:58, Sys 0 00:00:02  -  Total Remote Usage
		Usr 0 00:00:00, Sys 0 00:00:00  -  Total Local Usage
	0  -  Run Bytes Sent By Job
	0  -  Run Bytes Received By Job
	0  -  Total Bytes Sent By Job
	0  -  Total Bytes Received By Job
	Partitionable Resources :    Usage  Request Allocated 
	   Cpus                 :     0.98        1         1 
	   Disk (KB)            :     1     2560000   3787380 
	   Memory (MB)          :   123        4096      4096 
...
006 (2506069.004.000) 07/29 18:50:30 Image size of job updated: 411328
	177  -  MemoryUsage of job (MB)
	180464  -  ResidentSetSize of job (KB)
...
005 (2506069.004.000) 07/29 18:50:30 Job terminated.
	(1) Normal termination (return value 0)
		Usr 0 00:02:17, Sys 0 00:00:03  -  Run Remote Usage
		Usr 0 00:00:00, Sys 0 00:00:00  -  Run Local Usage
		Usr 0 00:02:17, Sys 0 00:00:03  -  Total Remote Usage
		Usr 0 00:00:00, Sys 0 00:00:00  -  Total Local Usage
	0  -  Run Bytes Sent By Job
	0  -  Run Bytes Received By Job
	0  -  Total Bytes Sent By Job
	0  -  Total Bytes Received By Job
	Partitionable Resources :    Usage  Request Allocated 
	   Cpus                 :     0.70        1         1 
	   Disk (KB)            :     1     2560000   2796940 
	   Memory (MB)          :   177        4096      4096 
...
006 (2506069.013.000) 07/29 18:50:31 Image size of job updated: 195600
	178  -  MemoryUsage of job (MB)
	181916  -  ResidentSetSize of job (KB)
...
005 (2506069.013.000) 07/29 18:50:31 Job terminated.
	(1) Normal termination (return value 0)
		Usr 0 00:02:16, Sys 0 00:00:02  -  Run Remote Usage
		Usr 0 00:00:00, Sys 0 00:00:00  -  Run Local Usage
		Usr 0 00:02:16, Sys 0 00:00:02  -  Total Remote Usage
		Usr 0 00:00:00, Sys 0 00:00:00  -  Total Local Usage
	0  -  Run Bytes Sent By Job
	0  -  Run Bytes Received By Job
	0  -  Total Bytes Sent By Job
	0  -  Total Bytes Received By Job
	Partitionable Resources :    Usage  Request Allocated 
	   Cpus                 :     0.98        1         1 
	   Disk (KB)            :     1     2560000   2794589 
	   Memory (MB)          :   178        4096      4096 
...
006 (2506069.015.000) 07/29 18:50:32 Image size of job updated: 663864
	74  -  MemoryUsage of job (MB)
	75204  -  ResidentSetSize of job (KB)
...
005 (2506069.003.000) 07/29 18:50:33 Job terminated.
	(1) Normal termination (return value 0)
		Usr 0 00:02:20, Sys 0 00:00:02  -  Run Remote Usage
		Usr 0 00:00:00, Sys 0 00:00:00  -  Run Local Usage
		Usr 0 00:02:20, Sys 0 00:00:02  -  Total Remote Usage
		Usr 0 00:00:00, Sys 0 00:00:00  -  Total Local Usage
	0  -  Run Bytes Sent By Job
	0  -  Run Bytes Received By Job
	0  -  Total Bytes Sent By Job
	0  -  Total Bytes Received By Job
	Partitionable Resources :    Usage  Request Allocated 
	   Cpus                 :     0.96        1         1 
	   Disk (KB)            :     1     2560000   2798200 
	   Memory (MB)          :   177        4096      4096 
...
005 (2506069.014.000) 07/29 18:50:36 Job terminated.
	(1) Normal termination (return value 0)
		Usr 0 00:02:02, Sys 0 00:00:02  -  Run Remote Usage
		Usr 0 00:00:00, Sys 0 00:00:00  -  Run Local Usage
		Usr 0 00:02:02, Sys 0 00:00:02  -  Total Remote Usage
		Usr 0 00:00:00, Sys 0 00:00:00  -  Total Local Usage
	0  -  Run Bytes Sent By Job
	0  -  Run Bytes Received By Job
	0  -  Total Bytes Sent By Job
	0  -  Total Bytes Received By Job
	Partitionable Resources :    Usage  Request Allocated 
	   Cpus                 :     0.90        1         1 
	   Disk (KB)            :     1     2560000   2832256 
	   Memory (MB)          :   132        4096      4096 
...
006 (2506069.001.000) 07/29 18:50:38 Image size of job updated: 334412
	152  -  MemoryUsage of job (MB)
	154888  -  ResidentSetSize of job (KB)
...
005 (2506069.001.000) 07/29 18:50:38 Job terminated.
	(1) Normal termination (return value 0)
		Usr 0 00:02:01, Sys 0 00:00:02  -  Run Remote Usage
		Usr 0 00:00:00, Sys 0 00:00:00  -  Run Local Usage
		Usr 0 00:02:01, Sys 0 00:00:02  -  Total Remote Usage
		Usr 0 00:00:00, Sys 0 00:00:00  -  Total Local Usage
	0  -  Run Bytes Sent By Job
	0  -  Run Bytes Received By Job
	0  -  Total Bytes Sent By Job
	0  -  Total Bytes Received By Job
	Partitionable Resources :    Usage  Request Allocated 
	   Cpus                 :     0.98        1         1 
	   Disk (KB)            :     1     2560000   2779847 
	   Memory (MB)          :   152        4096      4096 
...
005 (2506069.015.000) 07/29 18:50:40 Job terminated.
	(1) Normal termination (return value 0)
		Usr 0 00:02:01, Sys 0 00:00:04  -  Run Remote Usage
		Usr 0 00:00:00, Sys 0 00:00:00  -  Run Local Usage
		Usr 0 00:02:01, Sys 0 00:00:04  -  Total Remote Usage
		Usr 0 00:00:00, Sys 0 00:00:00  -  Total Local Usage
	0  -  Run Bytes Sent By Job
	0  -  Run Bytes Received By Job
	0  -  Total Bytes Sent By Job
	0  -  Total Bytes Received By Job
	Partitionable Resources :    Usage  Request Allocated 
	   Cpus                 :     0.97        1         1 
	   Disk (KB)            :     1     2560000   3248036 
	   Memory (MB)          :    74        4096      4096 
...
006 (2506069.009.000) 07/29 18:50:42 Image size of job updated: 673624
	139  -  MemoryUsage of job (MB)
	142168  -  ResidentSetSize of job (KB)
...
005 (2506069.009.000) 07/29 18:50:42 Job terminated.
	(1) Normal termination (return value 0)
		Usr 0 00:02:06, Sys 0 00:00:03  -  Run Remote Usage
		Usr 0 00:00:00, Sys 0 00:00:00  -  Run Local Usage
		Usr 0 00:02:06, Sys 0 00:00:03  -  Total Remote Usage
		Usr 0 00:00:00, Sys 0 00:00:00  -  Total Local Usage
	0  -  Run Bytes Sent By Job
	0  -  Run Bytes Received By Job
	0  -  Total Bytes Sent By Job
	0  -  Total Bytes Received By Job
	Partitionable Resources :    Usage  Request Allocated 
	   Cpus                 :     0.98        1         1 
	   Disk (KB)            :     1     2560000   2830639 
	   Memory (MB)          :   139        4096      4096 
...
005 (2506069.006.000) 07/29 18:50:44 Job terminated.
	(1) Normal termination (return value 0)
		Usr 0 00:02:07, Sys 0 00:00:02  -  Run Remote Usage
		Usr 0 00:00:00, Sys 0 00:00:00  -  Run Local Usage
		Usr 0 00:02:07, Sys 0 00:00:02  -  Total Remote Usage
		Usr 0 00:00:00, Sys 0 00:00:00  -  Total Local Usage
	0  -  Run Bytes Sent By Job
	0  -  Run Bytes Received By Job
	0  -  Total Bytes Sent By Job
	0  -  Total Bytes Received By Job
	Partitionable Resources :    Usage  Request Allocated 
	   Cpus                 :     0.96        1         1 
	   Disk (KB)            :     1     2560000   2829178 
	   Memory (MB)          :   134        4096      4096 
...
005 (2506069.018.000) 07/29 18:50:48 Job terminated.
	(1) Normal termination (return value 0)
		Usr 0 00:02:24, Sys 0 00:00:03  -  Run Remote Usage
		Usr 0 00:00:00, Sys 0 00:00:00  -  Run Local Usage
		Usr 0 00:02:24, Sys 0 00:00:03  -  Total Remote Usage
		Usr 0 00:00:00, Sys 0 00:00:00  -  Total Local Usage
	0  -  Run Bytes Sent By Job
	0  -  Run Bytes Received By Job
	0  -  Total Bytes Sent By Job
	0  -  Total Bytes Received By Job
	Partitionable Resources :    Usage  Request Allocated 
	   Cpus                 :     0.90        1         1 
	   Disk (KB)            :     1     2560000   2832556 
	   Memory (MB)          :   177        4096      4096 
...
006 (2506069.012.000) 07/29 18:50:52 Image size of job updated: 402024
	54  -  MemoryUsage of job (MB)
	54540  -  ResidentSetSize of job (KB)
...
005 (2506069.012.000) 07/29 18:50:52 Job terminated.
	(1) Normal termination (return value 0)
		Usr 0 00:02:13, Sys 0 00:00:02  -  Run Remote Usage
		Usr 0 00:00:00, Sys 0 00:00:00  -  Run Local Usage
		Usr 0 00:02:13, Sys 0 00:00:02  -  Total Remote Usage
		Usr 0 00:00:00, Sys 0 00:00:00  -  Total Local Usage
	0  -  Run Bytes Sent By Job
	0  -  Run Bytes Received By Job
	0  -  Total Bytes Sent By Job
	0  -  Total Bytes Received By Job
	Partitionable Resources :    Usage  Request Allocated 
	   Cpus                 :     0.93        1         1 
	   Disk (KB)            :     1     2560000   2784754 
	   Memory (MB)          :    54        4096      4096 
...
006 (2506069.002.000) 07/29 18:50:52 Image size of job updated: 664876
	55  -  MemoryUsage of job (MB)
	55860  -  ResidentSetSize of job (KB)
...
005 (2506069.002.000) 07/29 18:50:52 Job terminated.
	(1) Normal termination (return value 0)
		Usr 0 00:02:14, Sys 0 00:00:02  -  Run Remote Usage
		Usr 0 00:00:00, Sys 0 00:00:00  -  Run Local Usage
		Usr 0 00:02:14, Sys 0 00:00:02  -  Total Remote Usage
		Usr 0 00:00:00, Sys 0 00:00:00  -  Total Local Usage
	0  -  Run Bytes Sent By Job
	0  -  Run Bytes Received By Job
	0  -  Total Bytes Sent By Job
	0  -  Total Bytes Received By Job
	Partitionable Resources :    Usage  Request Allocated 
	   Cpus                 :     0.97        1         1 
	   Disk (KB)            :     1     2560000   2781349 
	   Memory (MB)          :    55        4096      4096 
...
006 (2506069.020.000) 07/29 18:50:56 Image size of job updated: 84040
	34  -  MemoryUsage of job (MB)
	34520  -  ResidentSetSize of job (KB)
...
005 (2506069.020.000) 07/29 18:50:56 Job terminated.
	(1) Normal termination (return value 0)
		Usr 0 00:02:03, Sys 0 00:00:02  -  Run Remote Usage
		Usr 0 00:00:00, Sys 0 00:00:00  -  Run Local Usage
		Usr 0 00:02:03, Sys 0 00:00:02  -  Total Remote Usage
		Usr 0 00:00:00, Sys 0 00:00:00  -  Total Local Usage
	0  -  Run Bytes Sent By Job
	0  -  Run Bytes Received By Job
	0  -  Total Bytes Sent By Job
	0  -  Total Bytes Received By Job
	Partitionable Resources :    Usage  Request Allocated 
	   Cpus                 :     0.86        1         1 
	   Disk (KB)            :     1     2560000   2860267 
	   Memory (MB)          :    34        4096      4096 
...
006 (2506069.010.000) 07/29 18:50:56 Image size of job updated: 124288
	73  -  MemoryUsage of job (MB)
	73832  -  ResidentSetSize of job (KB)
...
005 (2506069.010.000) 07/29 18:50:56 Job terminated.
	(1) Normal termination (return value 0)
		Usr 0 00:02:17, Sys 0 00:00:02  -  Run Remote Usage
		Usr 0 00:00:00, Sys 0 00:00:00  -  Run Local Usage
		Usr 0 00:02:17, Sys 0 00:00:02  -  Total Remote Usage
		Usr 0 00:00:00, Sys 0 00:00:00  -  Total Local Usage
	0  -  Run Bytes Sent By Job
	0  -  Run Bytes Received By Job
	0  -  Total Bytes Sent By Job
	0  -  Total Bytes Received By Job
	Partitionable Resources :    Usage  Request Allocated 
	   Cpus                 :     0.97        1         1 
	   Disk (KB)            :     1     2560000   2802196 
	   Memory (MB)          :    73        4096      4096 
...
005 (2506069.017.000) 07/29 18:50:59 Job terminated.
	(1) Normal termination (return value 0)
		Usr 0 00:02:20, Sys 0 00:00:02  -  Run Remote Usage
		Usr 0 00:00:00, Sys 0 00:00:00  -  Run Local Usage
		Usr 0 00:02:20, Sys 0 00:00:02  -  Total Remote Usage
		Usr 0 00:00:00, Sys 0 00:00:00  -  Total Local Usage
	0  -  Run Bytes Sent By Job
	0  -  Run Bytes Received By Job
	0  -  Total Bytes Sent By Job
	0  -  Total Bytes Received By Job
	Partitionable Resources :    Usage  Request Allocated 
	   Cpus                 :     0.96        1         1 
	   Disk (KB)            :     1     2560000   2842638 
	   Memory (MB)          :    45        4096      4096 
...
006 (2506069.008.000) 07/29 18:51:15 Image size of job updated: 327204
	59  -  MemoryUsage of job (MB)
	59396  -  ResidentSetSize of job (KB)
...
005 (2506069.008.000) 07/29 18:51:15 Job terminated.
	(1) Normal termination (return value 0)
		Usr 0 00:02:35, Sys 0 00:00:03  -  Run Remote Usage
		Usr 0 00:00:00, Sys 0 00:00:00  -  Run Local Usage
		Usr 0 00:02:35, Sys 0 00:00:03  -  Total Remote Usage
		Usr 0 00:00:00, Sys 0 00:00:00  -  Total Local Usage
	0  -  Run Bytes Sent By Job
	0  -  Run Bytes Received By Job
	0  -  Total Bytes Sent By Job
	0  -  Total Bytes Received By Job
	Partitionable Resources :    Usage  Request Allocated 
	   Cpus                 :     0.98        1         1 
	   Disk (KB)            :     1     2560000   2827186 
	   Memory (MB)          :    59        4096      4096 
...
