000 (2506074.000.000) 07/29 18:36:41 Job submitted from host: <131.169.223.41:9618?addrs=131.169.223.41-9618+[2001-638-700-10df--1-29]-9618&noUDP&sock=schedd_2006168_f5e8_3>
...
001 (2506074.000.000) 07/29 18:47:52 Job executing on host: <131.169.77.66:33556?addrs=131.169.77.66-33556>
...
006 (2506074.000.000) 07/29 18:48:01 Image size of job updated: 188464
	114  -  MemoryUsage of job (MB)
	115996  -  ResidentSetSize of job (KB)
...
006 (2506074.000.000) 07/29 18:50:31 Image size of job updated: 188464
	114  -  MemoryUsage of job (MB)
	116016  -  ResidentSetSize of job (KB)
...
005 (2506074.000.000) 07/29 18:50:31 Job terminated.
	(1) Normal termination (return value 0)
		Usr 0 00:02:00, Sys 0 00:00:01  -  Run Remote Usage
		Usr 0 00:00:00, Sys 0 00:00:00  -  Run Local Usage
		Usr 0 00:02:00, Sys 0 00:00:01  -  Total Remote Usage
		Usr 0 00:00:00, Sys 0 00:00:00  -  Total Local Usage
	0  -  Run Bytes Sent By Job
	0  -  Run Bytes Received By Job
	0  -  Total Bytes Sent By Job
	0  -  Total Bytes Received By Job
	Partitionable Resources :    Usage  Request Allocated 
	   Cpus                 :     0.97        1         1 
	   Disk (KB)            :     1     2560000   2832266 
	   Memory (MB)          :   114        4096      4096 
...
