000 (2506056.000.000) 07/29 18:36:37 Job submitted from host: <131.169.223.41:9618?addrs=131.169.223.41-9618+[2001-638-700-10df--1-29]-9618&noUDP&sock=schedd_2006168_f5e8_3>
...
000 (2506056.001.000) 07/29 18:36:37 Job submitted from host: <131.169.223.41:9618?addrs=131.169.223.41-9618+[2001-638-700-10df--1-29]-9618&noUDP&sock=schedd_2006168_f5e8_3>
...
001 (2506056.000.000) 07/29 18:47:50 Job executing on host: <131.169.76.37:43048?addrs=131.169.76.37-43048>
...
001 (2506056.001.000) 07/29 18:47:53 Job executing on host: <131.169.76.36:41630?addrs=131.169.76.36-41630>
...
006 (2506056.000.000) 07/29 18:47:59 Image size of job updated: 227460
	140  -  MemoryUsage of job (MB)
	142944  -  ResidentSetSize of job (KB)
...
006 (2506056.001.000) 07/29 18:48:01 Image size of job updated: 115436
	53  -  MemoryUsage of job (MB)
	53608  -  ResidentSetSize of job (KB)
...
005 (2506056.000.000) 07/29 18:48:03 Job terminated.
	(1) Normal termination (return value 254)
		Usr 0 00:00:01, Sys 0 00:00:00  -  Run Remote Usage
		Usr 0 00:00:00, Sys 0 00:00:00  -  Run Local Usage
		Usr 0 00:00:01, Sys 0 00:00:00  -  Total Remote Usage
		Usr 0 00:00:00, Sys 0 00:00:00  -  Total Local Usage
	0  -  Run Bytes Sent By Job
	0  -  Run Bytes Received By Job
	0  -  Total Bytes Sent By Job
	0  -  Total Bytes Received By Job
	Partitionable Resources :    Usage  Request Allocated 
	   Cpus                 :     0.21        1         1 
	   Disk (KB)            :     1     2560000   2781283 
	   Memory (MB)          :   140        4096      4096 
...
006 (2506056.001.000) 07/29 18:48:15 Image size of job updated: 115436
	54  -  MemoryUsage of job (MB)
	54420  -  ResidentSetSize of job (KB)
...
005 (2506056.001.000) 07/29 18:48:15 Job terminated.
	(1) Normal termination (return value 254)
		Usr 0 00:00:01, Sys 0 00:00:00  -  Run Remote Usage
		Usr 0 00:00:00, Sys 0 00:00:00  -  Run Local Usage
		Usr 0 00:00:01, Sys 0 00:00:00  -  Total Remote Usage
		Usr 0 00:00:00, Sys 0 00:00:00  -  Total Local Usage
	0  -  Run Bytes Sent By Job
	0  -  Run Bytes Received By Job
	0  -  Total Bytes Sent By Job
	0  -  Total Bytes Received By Job
	Partitionable Resources :    Usage  Request Allocated 
	   Cpus                 :        0        1         1 
	   Disk (KB)            :        1  2560000   2786940 
	   Memory (MB)          :       54     4096      4096 
...
