000 (2506062.000.000) 07/29 18:36:38 Job submitted from host: <131.169.223.41:9618?addrs=131.169.223.41-9618+[2001-638-700-10df--1-29]-9618&noUDP&sock=schedd_2006168_f5e8_3>
...
000 (2506062.001.000) 07/29 18:36:38 Job submitted from host: <131.169.223.41:9618?addrs=131.169.223.41-9618+[2001-638-700-10df--1-29]-9618&noUDP&sock=schedd_2006168_f5e8_3>
...
001 (2506062.001.000) 07/29 18:47:45 Job executing on host: <131.169.76.43:38673?addrs=131.169.76.43-38673>
...
001 (2506062.000.000) 07/29 18:47:45 Job executing on host: <131.169.76.70:37084?addrs=131.169.76.70-37084>
...
006 (2506062.001.000) 07/29 18:47:54 Image size of job updated: 133016
	73  -  MemoryUsage of job (MB)
	74480  -  ResidentSetSize of job (KB)
...
006 (2506062.000.000) 07/29 18:47:54 Image size of job updated: 97940
	55  -  MemoryUsage of job (MB)
	55444  -  ResidentSetSize of job (KB)
...
006 (2506062.001.000) 07/29 18:49:27 Image size of job updated: 654176
	75  -  MemoryUsage of job (MB)
	76248  -  ResidentSetSize of job (KB)
...
005 (2506062.001.000) 07/29 18:49:27 Job terminated.
	(1) Normal termination (return value 0)
		Usr 0 00:01:07, Sys 0 00:00:02  -  Run Remote Usage
		Usr 0 00:00:00, Sys 0 00:00:00  -  Run Local Usage
		Usr 0 00:01:07, Sys 0 00:00:02  -  Total Remote Usage
		Usr 0 00:00:00, Sys 0 00:00:00  -  Total Local Usage
	0  -  Run Bytes Sent By Job
	0  -  Run Bytes Received By Job
	0  -  Total Bytes Sent By Job
	0  -  Total Bytes Received By Job
	Partitionable Resources :    Usage  Request Allocated 
	   Cpus                 :     0.99        1         1 
	   Disk (KB)            :     1     2560000   2797564 
	   Memory (MB)          :    75        4096      4096 
...
005 (2506062.000.000) 07/29 18:50:36 Job terminated.
	(1) Normal termination (return value 0)
		Usr 0 00:02:01, Sys 0 00:00:03  -  Run Remote Usage
		Usr 0 00:00:00, Sys 0 00:00:00  -  Run Local Usage
		Usr 0 00:02:01, Sys 0 00:00:03  -  Total Remote Usage
		Usr 0 00:00:00, Sys 0 00:00:00  -  Total Local Usage
	0  -  Run Bytes Sent By Job
	0  -  Run Bytes Received By Job
	0  -  Total Bytes Sent By Job
	0  -  Total Bytes Received By Job
	Partitionable Resources :    Usage  Request Allocated 
	   Cpus                 :     0.97        1         1 
	   Disk (KB)            :     1     2560000   2776958 
	   Memory (MB)          :    55        4096      4096 
...
