000 (2506070.000.000) 07/29 18:36:40 Job submitted from host: <131.169.223.41:9618?addrs=131.169.223.41-9618+[2001-638-700-10df--1-29]-9618&noUDP&sock=schedd_2006168_f5e8_3>
...
000 (2506070.001.000) 07/29 18:36:40 Job submitted from host: <131.169.223.41:9618?addrs=131.169.223.41-9618+[2001-638-700-10df--1-29]-9618&noUDP&sock=schedd_2006168_f5e8_3>
...
000 (2506070.002.000) 07/29 18:36:40 Job submitted from host: <131.169.223.41:9618?addrs=131.169.223.41-9618+[2001-638-700-10df--1-29]-9618&noUDP&sock=schedd_2006168_f5e8_3>
...
000 (2506070.003.000) 07/29 18:36:40 Job submitted from host: <131.169.223.41:9618?addrs=131.169.223.41-9618+[2001-638-700-10df--1-29]-9618&noUDP&sock=schedd_2006168_f5e8_3>
...
000 (2506070.004.000) 07/29 18:36:40 Job submitted from host: <131.169.223.41:9618?addrs=131.169.223.41-9618+[2001-638-700-10df--1-29]-9618&noUDP&sock=schedd_2006168_f5e8_3>
...
000 (2506070.005.000) 07/29 18:36:40 Job submitted from host: <131.169.223.41:9618?addrs=131.169.223.41-9618+[2001-638-700-10df--1-29]-9618&noUDP&sock=schedd_2006168_f5e8_3>
...
000 (2506070.006.000) 07/29 18:36:40 Job submitted from host: <131.169.223.41:9618?addrs=131.169.223.41-9618+[2001-638-700-10df--1-29]-9618&noUDP&sock=schedd_2006168_f5e8_3>
...
000 (2506070.007.000) 07/29 18:36:40 Job submitted from host: <131.169.223.41:9618?addrs=131.169.223.41-9618+[2001-638-700-10df--1-29]-9618&noUDP&sock=schedd_2006168_f5e8_3>
...
000 (2506070.008.000) 07/29 18:36:40 Job submitted from host: <131.169.223.41:9618?addrs=131.169.223.41-9618+[2001-638-700-10df--1-29]-9618&noUDP&sock=schedd_2006168_f5e8_3>
...
000 (2506070.009.000) 07/29 18:36:40 Job submitted from host: <131.169.223.41:9618?addrs=131.169.223.41-9618+[2001-638-700-10df--1-29]-9618&noUDP&sock=schedd_2006168_f5e8_3>
...
000 (2506070.010.000) 07/29 18:36:40 Job submitted from host: <131.169.223.41:9618?addrs=131.169.223.41-9618+[2001-638-700-10df--1-29]-9618&noUDP&sock=schedd_2006168_f5e8_3>
...
000 (2506070.011.000) 07/29 18:36:40 Job submitted from host: <131.169.223.41:9618?addrs=131.169.223.41-9618+[2001-638-700-10df--1-29]-9618&noUDP&sock=schedd_2006168_f5e8_3>
...
000 (2506070.012.000) 07/29 18:36:40 Job submitted from host: <131.169.223.41:9618?addrs=131.169.223.41-9618+[2001-638-700-10df--1-29]-9618&noUDP&sock=schedd_2006168_f5e8_3>
...
000 (2506070.013.000) 07/29 18:36:40 Job submitted from host: <131.169.223.41:9618?addrs=131.169.223.41-9618+[2001-638-700-10df--1-29]-9618&noUDP&sock=schedd_2006168_f5e8_3>
...
000 (2506070.014.000) 07/29 18:36:40 Job submitted from host: <131.169.223.41:9618?addrs=131.169.223.41-9618+[2001-638-700-10df--1-29]-9618&noUDP&sock=schedd_2006168_f5e8_3>
...
000 (2506070.015.000) 07/29 18:36:40 Job submitted from host: <131.169.223.41:9618?addrs=131.169.223.41-9618+[2001-638-700-10df--1-29]-9618&noUDP&sock=schedd_2006168_f5e8_3>
...
000 (2506070.016.000) 07/29 18:36:40 Job submitted from host: <131.169.223.41:9618?addrs=131.169.223.41-9618+[2001-638-700-10df--1-29]-9618&noUDP&sock=schedd_2006168_f5e8_3>
...
000 (2506070.017.000) 07/29 18:36:40 Job submitted from host: <131.169.223.41:9618?addrs=131.169.223.41-9618+[2001-638-700-10df--1-29]-9618&noUDP&sock=schedd_2006168_f5e8_3>
...
001 (2506070.008.000) 07/29 18:47:44 Job executing on host: <131.169.77.166:40924?addrs=131.169.77.166-40924>
...
001 (2506070.004.000) 07/29 18:47:46 Job executing on host: <131.169.163.107:39078?addrs=131.169.163.107-39078>
...
001 (2506070.006.000) 07/29 18:47:46 Job executing on host: <131.169.84.161:34657?addrs=131.169.84.161-34657>
...
001 (2506070.015.000) 07/29 18:47:46 Job executing on host: <131.169.77.8:39611?addrs=131.169.77.8-39611>
...
001 (2506070.012.000) 07/29 18:47:46 Job executing on host: <131.169.77.10:36887?addrs=131.169.77.10-36887>
...
001 (2506070.013.000) 07/29 18:47:46 Job executing on host: <131.169.163.136:46821?addrs=131.169.163.136-46821>
...
001 (2506070.017.000) 07/29 18:47:47 Job executing on host: <131.169.77.41:34900?addrs=131.169.77.41-34900>
...
001 (2506070.003.000) 07/29 18:47:48 Job executing on host: <131.169.84.183:44747?addrs=131.169.84.183-44747>
...
001 (2506070.009.000) 07/29 18:47:49 Job executing on host: <131.169.77.174:41297?addrs=131.169.77.174-41297>
...
001 (2506070.005.000) 07/29 18:47:51 Job executing on host: <131.169.77.176:43268?addrs=131.169.77.176-43268>
...
001 (2506070.014.000) 07/29 18:47:52 Job executing on host: <131.169.77.213:36556?addrs=131.169.77.213-36556>
...
001 (2506070.002.000) 07/29 18:47:52 Job executing on host: <131.169.77.11:37973?addrs=131.169.77.11-37973>
...
001 (2506070.011.000) 07/29 18:47:53 Job executing on host: <131.169.77.50:37666?addrs=131.169.77.50-37666>
...
006 (2506070.008.000) 07/29 18:47:53 Image size of job updated: 111728
	59  -  MemoryUsage of job (MB)
	59684  -  ResidentSetSize of job (KB)
...
006 (2506070.004.000) 07/29 18:47:54 Image size of job updated: 201668
	126  -  MemoryUsage of job (MB)
	128692  -  ResidentSetSize of job (KB)
...
001 (2506070.016.000) 07/29 18:47:55 Job executing on host: <131.169.164.6:40169?addrs=131.169.164.6-40169>
...
006 (2506070.012.000) 07/29 18:47:55 Image size of job updated: 110012
	48  -  MemoryUsage of job (MB)
	48992  -  ResidentSetSize of job (KB)
...
006 (2506070.013.000) 07/29 18:47:55 Image size of job updated: 102548
	58  -  MemoryUsage of job (MB)
	58796  -  ResidentSetSize of job (KB)
...
001 (2506070.010.000) 07/29 18:47:55 Job executing on host: <131.169.164.3:40440?addrs=131.169.164.3-40440>
...
006 (2506070.017.000) 07/29 18:47:55 Image size of job updated: 259972
	172  -  MemoryUsage of job (MB)
	175520  -  ResidentSetSize of job (KB)
...
006 (2506070.006.000) 07/29 18:47:55 Image size of job updated: 189980
	175  -  MemoryUsage of job (MB)
	179116  -  ResidentSetSize of job (KB)
...
006 (2506070.015.000) 07/29 18:47:55 Image size of job updated: 177988
	172  -  MemoryUsage of job (MB)
	175520  -  ResidentSetSize of job (KB)
...
001 (2506070.001.000) 07/29 18:47:56 Job executing on host: <131.169.77.177:43001?addrs=131.169.77.177-43001>
...
001 (2506070.007.000) 07/29 18:47:56 Job executing on host: <131.169.77.7:43408?addrs=131.169.77.7-43408>
...
006 (2506070.003.000) 07/29 18:47:57 Image size of job updated: 256108
	172  -  MemoryUsage of job (MB)
	175508  -  ResidentSetSize of job (KB)
...
006 (2506070.009.000) 07/29 18:47:58 Image size of job updated: 148520
	135  -  MemoryUsage of job (MB)
	137760  -  ResidentSetSize of job (KB)
...
006 (2506070.005.000) 07/29 18:47:59 Image size of job updated: 205224
	121  -  MemoryUsage of job (MB)
	123748  -  ResidentSetSize of job (KB)
...
006 (2506070.002.000) 07/29 18:48:00 Image size of job updated: 180612
	172  -  MemoryUsage of job (MB)
	175504  -  ResidentSetSize of job (KB)
...
001 (2506070.000.000) 07/29 18:48:00 Job executing on host: <131.169.77.9:41983?addrs=131.169.77.9-41983>
...
006 (2506070.011.000) 07/29 18:48:01 Image size of job updated: 161544
	129  -  MemoryUsage of job (MB)
	131700  -  ResidentSetSize of job (KB)
...
006 (2506070.014.000) 07/29 18:48:01 Image size of job updated: 185640
	113  -  MemoryUsage of job (MB)
	114792  -  ResidentSetSize of job (KB)
...
006 (2506070.016.000) 07/29 18:48:03 Image size of job updated: 227408
	143  -  MemoryUsage of job (MB)
	146004  -  ResidentSetSize of job (KB)
...
006 (2506070.010.000) 07/29 18:48:04 Image size of job updated: 198740
	118  -  MemoryUsage of job (MB)
	120300  -  ResidentSetSize of job (KB)
...
006 (2506070.001.000) 07/29 18:48:05 Image size of job updated: 260648
	173  -  MemoryUsage of job (MB)
	176844  -  ResidentSetSize of job (KB)
...
006 (2506070.007.000) 07/29 18:48:05 Image size of job updated: 189844
	114  -  MemoryUsage of job (MB)
	116284  -  ResidentSetSize of job (KB)
...
006 (2506070.000.000) 07/29 18:48:09 Image size of job updated: 70848
	67  -  MemoryUsage of job (MB)
	67880  -  ResidentSetSize of job (KB)
...
006 (2506070.017.000) 07/29 18:49:30 Image size of job updated: 404516
	172  -  MemoryUsage of job (MB)
	175520  -  ResidentSetSize of job (KB)
...
005 (2506070.017.000) 07/29 18:49:30 Job terminated.
	(1) Normal termination (return value 0)
		Usr 0 00:01:21, Sys 0 00:00:01  -  Run Remote Usage
		Usr 0 00:00:00, Sys 0 00:00:00  -  Run Local Usage
		Usr 0 00:01:21, Sys 0 00:00:01  -  Total Remote Usage
		Usr 0 00:00:00, Sys 0 00:00:00  -  Total Local Usage
	0  -  Run Bytes Sent By Job
	0  -  Run Bytes Received By Job
	0  -  Total Bytes Sent By Job
	0  -  Total Bytes Received By Job
	Partitionable Resources :    Usage  Request Allocated 
	   Cpus                 :     0.99        1         1 
	   Disk (KB)            :     1     2560000   2828452 
	   Memory (MB)          :   172        4096      4096 
...
006 (2506070.005.000) 07/29 18:50:36 Image size of job updated: 405164
	122  -  MemoryUsage of job (MB)
	124152  -  ResidentSetSize of job (KB)
...
005 (2506070.005.000) 07/29 18:50:36 Job terminated.
	(1) Normal termination (return value 0)
		Usr 0 00:02:11, Sys 0 00:00:01  -  Run Remote Usage
		Usr 0 00:00:00, Sys 0 00:00:00  -  Run Local Usage
		Usr 0 00:02:11, Sys 0 00:00:01  -  Total Remote Usage
		Usr 0 00:00:00, Sys 0 00:00:00  -  Total Local Usage
	0  -  Run Bytes Sent By Job
	0  -  Run Bytes Received By Job
	0  -  Total Bytes Sent By Job
	0  -  Total Bytes Received By Job
	Partitionable Resources :    Usage  Request Allocated 
	   Cpus                 :     0.80        1         1 
	   Disk (KB)            :     1     2560000   3799931 
	   Memory (MB)          :   122        4096      4096 
...
006 (2506070.013.000) 07/29 18:50:42 Image size of job updated: 395036
	58  -  MemoryUsage of job (MB)
	58968  -  ResidentSetSize of job (KB)
...
005 (2506070.013.000) 07/29 18:50:42 Job terminated.
	(1) Normal termination (return value 0)
		Usr 0 00:02:20, Sys 0 00:00:02  -  Run Remote Usage
		Usr 0 00:00:00, Sys 0 00:00:00  -  Run Local Usage
		Usr 0 00:02:20, Sys 0 00:00:02  -  Total Remote Usage
		Usr 0 00:00:00, Sys 0 00:00:00  -  Total Local Usage
	0  -  Run Bytes Sent By Job
	0  -  Run Bytes Received By Job
	0  -  Total Bytes Sent By Job
	0  -  Total Bytes Received By Job
	Partitionable Resources :    Usage  Request Allocated 
	   Cpus                 :     1.00        1         1 
	   Disk (KB)            :     1     2560000   3248902 
	   Memory (MB)          :    58        4096      4096 
...
006 (2506070.008.000) 07/29 18:50:45 Image size of job updated: 404200
	59  -  MemoryUsage of job (MB)
	59800  -  ResidentSetSize of job (KB)
...
005 (2506070.008.000) 07/29 18:50:45 Job terminated.
	(1) Normal termination (return value 0)
		Usr 0 00:02:17, Sys 0 00:00:01  -  Run Remote Usage
		Usr 0 00:00:00, Sys 0 00:00:00  -  Run Local Usage
		Usr 0 00:02:17, Sys 0 00:00:01  -  Total Remote Usage
		Usr 0 00:00:00, Sys 0 00:00:00  -  Total Local Usage
	0  -  Run Bytes Sent By Job
	0  -  Run Bytes Received By Job
	0  -  Total Bytes Sent By Job
	0  -  Total Bytes Received By Job
	Partitionable Resources :    Usage  Request Allocated 
	   Cpus                 :     0.97        1         1 
	   Disk (KB)            :     1     2560000   3792927 
	   Memory (MB)          :    59        4096      4096 
...
005 (2506070.003.000) 07/29 18:50:45 Job terminated.
	(1) Normal termination (return value 0)
		Usr 0 00:02:30, Sys 0 00:00:02  -  Run Remote Usage
		Usr 0 00:00:00, Sys 0 00:00:00  -  Run Local Usage
		Usr 0 00:02:30, Sys 0 00:00:02  -  Total Remote Usage
		Usr 0 00:00:00, Sys 0 00:00:00  -  Total Local Usage
	0  -  Run Bytes Sent By Job
	0  -  Run Bytes Received By Job
	0  -  Total Bytes Sent By Job
	0  -  Total Bytes Received By Job
	Partitionable Resources :    Usage  Request Allocated 
	   Cpus                 :     0.98        1         1 
	   Disk (KB)            :     1     2560000   2836152 
	   Memory (MB)          :   172        4096      4096 
...
005 (2506070.015.000) 07/29 18:50:46 Job terminated.
	(1) Normal termination (return value 0)
		Usr 0 00:02:33, Sys 0 00:00:03  -  Run Remote Usage
		Usr 0 00:00:00, Sys 0 00:00:00  -  Run Local Usage
		Usr 0 00:02:33, Sys 0 00:00:03  -  Total Remote Usage
		Usr 0 00:00:00, Sys 0 00:00:00  -  Total Local Usage
	0  -  Run Bytes Sent By Job
	0  -  Run Bytes Received By Job
	0  -  Total Bytes Sent By Job
	0  -  Total Bytes Received By Job
	Partitionable Resources :    Usage  Request Allocated 
	   Cpus                 :     0.96        1         1 
	   Disk (KB)            :     1     2560000   2825616 
	   Memory (MB)          :   172        4096      4096 
...
006 (2506070.001.000) 07/29 18:50:47 Image size of job updated: 260648
	173  -  MemoryUsage of job (MB)
	176876  -  ResidentSetSize of job (KB)
...
005 (2506070.001.000) 07/29 18:50:47 Job terminated.
	(1) Normal termination (return value 0)
		Usr 0 00:02:32, Sys 0 00:00:03  -  Run Remote Usage
		Usr 0 00:00:00, Sys 0 00:00:00  -  Run Local Usage
		Usr 0 00:02:32, Sys 0 00:00:03  -  Total Remote Usage
		Usr 0 00:00:00, Sys 0 00:00:00  -  Total Local Usage
	0  -  Run Bytes Sent By Job
	0  -  Run Bytes Received By Job
	0  -  Total Bytes Sent By Job
	0  -  Total Bytes Received By Job
	Partitionable Resources :    Usage  Request Allocated 
	   Cpus                 :     0.99        1         1 
	   Disk (KB)            :     1     2560000   3793392 
	   Memory (MB)          :   173        4096      4096 
...
006 (2506070.016.000) 07/29 18:50:49 Image size of job updated: 227408
	149  -  MemoryUsage of job (MB)
	152148  -  ResidentSetSize of job (KB)
...
005 (2506070.016.000) 07/29 18:50:49 Job terminated.
	(1) Normal termination (return value 0)
		Usr 0 00:02:22, Sys 0 00:00:02  -  Run Remote Usage
		Usr 0 00:00:00, Sys 0 00:00:00  -  Run Local Usage
		Usr 0 00:02:22, Sys 0 00:00:02  -  Total Remote Usage
		Usr 0 00:00:00, Sys 0 00:00:00  -  Total Local Usage
	0  -  Run Bytes Sent By Job
	0  -  Run Bytes Received By Job
	0  -  Total Bytes Sent By Job
	0  -  Total Bytes Received By Job
	Partitionable Resources :    Usage  Request Allocated 
	   Cpus                 :     0.93        1         1 
	   Disk (KB)            :     1     2560000   3070521 
	   Memory (MB)          :   149        4096      4096 
...
006 (2506070.004.000) 07/29 18:50:50 Image size of job updated: 401588
	129  -  MemoryUsage of job (MB)
	131572  -  ResidentSetSize of job (KB)
...
005 (2506070.004.000) 07/29 18:50:50 Job terminated.
	(1) Normal termination (return value 0)
		Usr 0 00:02:23, Sys 0 00:00:01  -  Run Remote Usage
		Usr 0 00:00:00, Sys 0 00:00:00  -  Run Local Usage
		Usr 0 00:02:23, Sys 0 00:00:01  -  Total Remote Usage
		Usr 0 00:00:00, Sys 0 00:00:00  -  Total Local Usage
	0  -  Run Bytes Sent By Job
	0  -  Run Bytes Received By Job
	0  -  Total Bytes Sent By Job
	0  -  Total Bytes Received By Job
	Partitionable Resources :    Usage  Request Allocated 
	   Cpus                 :     0.99        1         1 
	   Disk (KB)            :     1     2560000   3254572 
	   Memory (MB)          :   129        4096      4096 
...
006 (2506070.009.000) 07/29 18:50:57 Image size of job updated: 321056
	142  -  MemoryUsage of job (MB)
	144564  -  ResidentSetSize of job (KB)
...
005 (2506070.009.000) 07/29 18:50:57 Job terminated.
	(1) Normal termination (return value 0)
		Usr 0 00:02:25, Sys 0 00:00:02  -  Run Remote Usage
		Usr 0 00:00:00, Sys 0 00:00:00  -  Run Local Usage
		Usr 0 00:02:25, Sys 0 00:00:02  -  Total Remote Usage
		Usr 0 00:00:00, Sys 0 00:00:00  -  Total Local Usage
	0  -  Run Bytes Sent By Job
	0  -  Run Bytes Received By Job
	0  -  Total Bytes Sent By Job
	0  -  Total Bytes Received By Job
	Partitionable Resources :    Usage  Request Allocated 
	   Cpus                 :     0.98        1         1 
	   Disk (KB)            :     1     2560000   3796058 
	   Memory (MB)          :   142        4096      4096 
...
006 (2506070.014.000) 07/29 18:50:58 Image size of job updated: 400244
	115  -  MemoryUsage of job (MB)
	117488  -  ResidentSetSize of job (KB)
...
005 (2506070.014.000) 07/29 18:50:58 Job terminated.
	(1) Normal termination (return value 0)
		Usr 0 00:02:23, Sys 0 00:00:02  -  Run Remote Usage
		Usr 0 00:00:00, Sys 0 00:00:00  -  Run Local Usage
		Usr 0 00:02:23, Sys 0 00:00:02  -  Total Remote Usage
		Usr 0 00:00:00, Sys 0 00:00:00  -  Total Local Usage
	0  -  Run Bytes Sent By Job
	0  -  Run Bytes Received By Job
	0  -  Total Bytes Sent By Job
	0  -  Total Bytes Received By Job
	Partitionable Resources :    Usage  Request Allocated 
	   Cpus                 :     0.97        1         1 
	   Disk (KB)            :     1     2560000   3788438 
	   Memory (MB)          :   115        4096      4096 
...
006 (2506070.002.000) 07/29 18:51:02 Image size of job updated: 180612
	172  -  MemoryUsage of job (MB)
	175572  -  ResidentSetSize of job (KB)
...
005 (2506070.002.000) 07/29 18:51:02 Job terminated.
	(1) Normal termination (return value 0)
		Usr 0 00:02:48, Sys 0 00:00:03  -  Run Remote Usage
		Usr 0 00:00:00, Sys 0 00:00:00  -  Run Local Usage
		Usr 0 00:02:48, Sys 0 00:00:03  -  Total Remote Usage
		Usr 0 00:00:00, Sys 0 00:00:00  -  Total Local Usage
	0  -  Run Bytes Sent By Job
	0  -  Run Bytes Received By Job
	0  -  Total Bytes Sent By Job
	0  -  Total Bytes Received By Job
	Partitionable Resources :    Usage  Request Allocated 
	   Cpus                 :     0.97        1         1 
	   Disk (KB)            :     1     2560000   2829737 
	   Memory (MB)          :   172        4096      4096 
...
005 (2506070.006.000) 07/29 18:51:06 Job terminated.
	(1) Normal termination (return value 0)
		Usr 0 00:02:51, Sys 0 00:00:04  -  Run Remote Usage
		Usr 0 00:00:00, Sys 0 00:00:00  -  Run Local Usage
		Usr 0 00:02:51, Sys 0 00:00:04  -  Total Remote Usage
		Usr 0 00:00:00, Sys 0 00:00:00  -  Total Local Usage
	0  -  Run Bytes Sent By Job
	0  -  Run Bytes Received By Job
	0  -  Total Bytes Sent By Job
	0  -  Total Bytes Received By Job
	Partitionable Resources :    Usage  Request Allocated 
	   Cpus                 :     0.92        1         1 
	   Disk (KB)            :     1     2560000   2840382 
	   Memory (MB)          :   175        4096      4096 
...
005 (2506070.010.000) 07/29 18:51:19 Job terminated.
	(1) Normal termination (return value 0)
		Usr 0 00:02:35, Sys 0 00:00:02  -  Run Remote Usage
		Usr 0 00:00:00, Sys 0 00:00:00  -  Run Local Usage
		Usr 0 00:02:35, Sys 0 00:00:02  -  Total Remote Usage
		Usr 0 00:00:00, Sys 0 00:00:00  -  Total Local Usage
	0  -  Run Bytes Sent By Job
	0  -  Run Bytes Received By Job
	0  -  Total Bytes Sent By Job
	0  -  Total Bytes Received By Job
	Partitionable Resources :    Usage  Request Allocated 
	   Cpus                 :     0.97        1         1 
	   Disk (KB)            :     1     2560000   3075056 
	   Memory (MB)          :   118        4096      4096 
...
006 (2506070.007.000) 07/29 18:51:20 Image size of job updated: 189844
	114  -  MemoryUsage of job (MB)
	116288  -  ResidentSetSize of job (KB)
...
005 (2506070.007.000) 07/29 18:51:20 Job terminated.
	(1) Normal termination (return value 0)
		Usr 0 00:02:38, Sys 0 00:00:03  -  Run Remote Usage
		Usr 0 00:00:00, Sys 0 00:00:00  -  Run Local Usage
		Usr 0 00:02:38, Sys 0 00:00:03  -  Total Remote Usage
		Usr 0 00:00:00, Sys 0 00:00:00  -  Total Local Usage
	0  -  Run Bytes Sent By Job
	0  -  Run Bytes Received By Job
	0  -  Total Bytes Sent By Job
	0  -  Total Bytes Received By Job
	Partitionable Resources :    Usage  Request Allocated 
	   Cpus                 :     0.91        1         1 
	   Disk (KB)            :     1     2560000   2833368 
	   Memory (MB)          :   114        4096      4096 
...
006 (2506070.012.000) 07/29 18:51:21 Image size of job updated: 110012
	49  -  MemoryUsage of job (MB)
	50176  -  ResidentSetSize of job (KB)
...
005 (2506070.012.000) 07/29 18:51:21 Job terminated.
	(1) Normal termination (return value 0)
		Usr 0 00:02:43, Sys 0 00:00:04  -  Run Remote Usage
		Usr 0 00:00:00, Sys 0 00:00:00  -  Run Local Usage
		Usr 0 00:02:43, Sys 0 00:00:04  -  Total Remote Usage
		Usr 0 00:00:00, Sys 0 00:00:00  -  Total Local Usage
	0  -  Run Bytes Sent By Job
	0  -  Run Bytes Received By Job
	0  -  Total Bytes Sent By Job
	0  -  Total Bytes Received By Job
	Partitionable Resources :    Usage  Request Allocated 
	   Cpus                 :     0.94        1         1 
	   Disk (KB)            :     1     2560000   2834067 
	   Memory (MB)          :    49        4096      4096 
...
006 (2506070.011.000) 07/29 18:51:34 Image size of job updated: 161544
	135  -  MemoryUsage of job (MB)
	137784  -  ResidentSetSize of job (KB)
...
005 (2506070.011.000) 07/29 18:51:34 Job terminated.
	(1) Normal termination (return value 0)
		Usr 0 00:02:45, Sys 0 00:00:03  -  Run Remote Usage
		Usr 0 00:00:00, Sys 0 00:00:00  -  Run Local Usage
		Usr 0 00:02:45, Sys 0 00:00:03  -  Total Remote Usage
		Usr 0 00:00:00, Sys 0 00:00:00  -  Total Local Usage
	0  -  Run Bytes Sent By Job
	0  -  Run Bytes Received By Job
	0  -  Total Bytes Sent By Job
	0  -  Total Bytes Received By Job
	Partitionable Resources :    Usage  Request Allocated 
	   Cpus                 :     0.96        1         1 
	   Disk (KB)            :     1     2560000   2827616 
	   Memory (MB)          :   135        4096      4096 
...
006 (2506070.000.000) 07/29 18:52:00 Image size of job updated: 70848
	74  -  MemoryUsage of job (MB)
	75296  -  ResidentSetSize of job (KB)
...
005 (2506070.000.000) 07/29 18:52:00 Job terminated.
	(1) Normal termination (return value 0)
		Usr 0 00:02:30, Sys 0 00:00:05  -  Run Remote Usage
		Usr 0 00:00:00, Sys 0 00:00:00  -  Run Local Usage
		Usr 0 00:02:30, Sys 0 00:00:05  -  Total Remote Usage
		Usr 0 00:00:00, Sys 0 00:00:00  -  Total Local Usage
	0  -  Run Bytes Sent By Job
	0  -  Run Bytes Received By Job
	0  -  Total Bytes Sent By Job
	0  -  Total Bytes Received By Job
	Partitionable Resources :    Usage  Request Allocated 
	   Cpus                 :     0.91        1         1 
	   Disk (KB)            :     1     2560000   2834695 
	   Memory (MB)          :    74        4096      4096 
...
