000 (2506079.000.000) 07/29 18:36:42 Job submitted from host: <131.169.223.41:9618?addrs=131.169.223.41-9618+[2001-638-700-10df--1-29]-9618&noUDP&sock=schedd_2006168_f5e8_3>
...
001 (2506079.000.000) 07/29 18:47:51 Job executing on host: <131.169.84.165:40018?addrs=131.169.84.165-40018>
...
006 (2506079.000.000) 07/29 18:48:00 Image size of job updated: 137368
	74  -  MemoryUsage of job (MB)
	75656  -  ResidentSetSize of job (KB)
...
006 (2506079.000.000) 07/29 18:51:32 Image size of job updated: 383928
	77  -  MemoryUsage of job (MB)
	78132  -  ResidentSetSize of job (KB)
...
005 (2506079.000.000) 07/29 18:51:32 Job terminated.
	(1) Normal termination (return value 0)
		Usr 0 00:02:56, Sys 0 00:00:02  -  Run Remote Usage
		Usr 0 00:00:00, Sys 0 00:00:00  -  Run Local Usage
		Usr 0 00:02:56, Sys 0 00:00:02  -  Total Remote Usage
		Usr 0 00:00:00, Sys 0 00:00:00  -  Total Local Usage
	0  -  Run Bytes Sent By Job
	0  -  Run Bytes Received By Job
	0  -  Total Bytes Sent By Job
	0  -  Total Bytes Received By Job
	Partitionable Resources :    Usage  Request Allocated 
	   Cpus                 :     1.00        1         1 
	   Disk (KB)            :     1     2560000   2837881 
	   Memory (MB)          :    77        4096      4096 
...
