hadd Target file: /nfs/dust/cms/user/schwarzd/JetMass/PostSel/uhh2.AnalysisModuleRunner.MC.TTbar_Mtt0000to0700.root
hadd compression setting for all ouput: 1
hadd Source file 1: /nfs/dust/cms/user/schwarzd/JetMass/PostSel/PostSel_workdir/uhh2.AnalysisModuleRunner.MC.TTbar_Mtt0000to0700_0.root
hadd Source file 2: /nfs/dust/cms/user/schwarzd/JetMass/PostSel/PostSel_workdir/uhh2.AnalysisModuleRunner.MC.TTbar_Mtt0000to0700_1.root
hadd Source file 3: /nfs/dust/cms/user/schwarzd/JetMass/PostSel/PostSel_workdir/uhh2.AnalysisModuleRunner.MC.TTbar_Mtt0000to0700_2.root
hadd Source file 4: /nfs/dust/cms/user/schwarzd/JetMass/PostSel/PostSel_workdir/uhh2.AnalysisModuleRunner.MC.TTbar_Mtt0000to0700_3.root
hadd Source file 5: /nfs/dust/cms/user/schwarzd/JetMass/PostSel/PostSel_workdir/uhh2.AnalysisModuleRunner.MC.TTbar_Mtt0000to0700_4.root
hadd Source file 6: /nfs/dust/cms/user/schwarzd/JetMass/PostSel/PostSel_workdir/uhh2.AnalysisModuleRunner.MC.TTbar_Mtt0000to0700_5.root
hadd Source file 7: /nfs/dust/cms/user/schwarzd/JetMass/PostSel/PostSel_workdir/uhh2.AnalysisModuleRunner.MC.TTbar_Mtt0000to0700_6.root
hadd Source file 8: /nfs/dust/cms/user/schwarzd/JetMass/PostSel/PostSel_workdir/uhh2.AnalysisModuleRunner.MC.TTbar_Mtt0000to0700_7.root
hadd Source file 9: /nfs/dust/cms/user/schwarzd/JetMass/PostSel/PostSel_workdir/uhh2.AnalysisModuleRunner.MC.TTbar_Mtt0000to0700_8.root
hadd Source file 10: /nfs/dust/cms/user/schwarzd/JetMass/PostSel/PostSel_workdir/uhh2.AnalysisModuleRunner.MC.TTbar_Mtt0000to0700_9.root
hadd Source file 11: /nfs/dust/cms/user/schwarzd/JetMass/PostSel/PostSel_workdir/uhh2.AnalysisModuleRunner.MC.TTbar_Mtt0000to0700_10.root
hadd Source file 12: /nfs/dust/cms/user/schwarzd/JetMass/PostSel/PostSel_workdir/uhh2.AnalysisModuleRunner.MC.TTbar_Mtt0000to0700_11.root
hadd Source file 13: /nfs/dust/cms/user/schwarzd/JetMass/PostSel/PostSel_workdir/uhh2.AnalysisModuleRunner.MC.TTbar_Mtt0000to0700_12.root
hadd Source file 14: /nfs/dust/cms/user/schwarzd/JetMass/PostSel/PostSel_workdir/uhh2.AnalysisModuleRunner.MC.TTbar_Mtt0000to0700_13.root
hadd Source file 15: /nfs/dust/cms/user/schwarzd/JetMass/PostSel/PostSel_workdir/uhh2.AnalysisModuleRunner.MC.TTbar_Mtt0000to0700_14.root
hadd Source file 16: /nfs/dust/cms/user/schwarzd/JetMass/PostSel/PostSel_workdir/uhh2.AnalysisModuleRunner.MC.TTbar_Mtt0000to0700_15.root
hadd Source file 17: /nfs/dust/cms/user/schwarzd/JetMass/PostSel/PostSel_workdir/uhh2.AnalysisModuleRunner.MC.TTbar_Mtt0000to0700_16.root
hadd Source file 18: /nfs/dust/cms/user/schwarzd/JetMass/PostSel/PostSel_workdir/uhh2.AnalysisModuleRunner.MC.TTbar_Mtt0000to0700_17.root
hadd Target path: /nfs/dust/cms/user/schwarzd/JetMass/PostSel/uhh2.AnalysisModuleRunner.MC.TTbar_Mtt0000to0700.root:/
hadd Target path: /nfs/dust/cms/user/schwarzd/JetMass/PostSel/uhh2.AnalysisModuleRunner.MC.TTbar_Mtt0000to0700.root:/JetMass_pt200
hadd Target path: /nfs/dust/cms/user/schwarzd/JetMass/PostSel/uhh2.AnalysisModuleRunner.MC.TTbar_Mtt0000to0700.root:/JetMass_pt300
hadd Target path: /nfs/dust/cms/user/schwarzd/JetMass/PostSel/uhh2.AnalysisModuleRunner.MC.TTbar_Mtt0000to0700.root:/JetMass_pt400
hadd Target path: /nfs/dust/cms/user/schwarzd/JetMass/PostSel/uhh2.AnalysisModuleRunner.MC.TTbar_Mtt0000to0700.root:/JetMass_2jets_pt200
hadd Target path: /nfs/dust/cms/user/schwarzd/JetMass/PostSel/uhh2.AnalysisModuleRunner.MC.TTbar_Mtt0000to0700.root:/JetMass_2jets_pt300
hadd Target path: /nfs/dust/cms/user/schwarzd/JetMass/PostSel/uhh2.AnalysisModuleRunner.MC.TTbar_Mtt0000to0700.root:/JetMass_2jets_pt400
hadd Target path: /nfs/dust/cms/user/schwarzd/JetMass/PostSel/uhh2.AnalysisModuleRunner.MC.TTbar_Mtt0000to0700.root:/SFrame
