000 (2506068.000.000) 07/29 18:36:40 Job submitted from host: <131.169.223.41:9618?addrs=131.169.223.41-9618+[2001-638-700-10df--1-29]-9618&noUDP&sock=schedd_2006168_f5e8_3>
...
000 (2506068.001.000) 07/29 18:36:40 Job submitted from host: <131.169.223.41:9618?addrs=131.169.223.41-9618+[2001-638-700-10df--1-29]-9618&noUDP&sock=schedd_2006168_f5e8_3>
...
000 (2506068.002.000) 07/29 18:36:40 Job submitted from host: <131.169.223.41:9618?addrs=131.169.223.41-9618+[2001-638-700-10df--1-29]-9618&noUDP&sock=schedd_2006168_f5e8_3>
...
000 (2506068.003.000) 07/29 18:36:40 Job submitted from host: <131.169.223.41:9618?addrs=131.169.223.41-9618+[2001-638-700-10df--1-29]-9618&noUDP&sock=schedd_2006168_f5e8_3>
...
000 (2506068.004.000) 07/29 18:36:40 Job submitted from host: <131.169.223.41:9618?addrs=131.169.223.41-9618+[2001-638-700-10df--1-29]-9618&noUDP&sock=schedd_2006168_f5e8_3>
...
000 (2506068.005.000) 07/29 18:36:40 Job submitted from host: <131.169.223.41:9618?addrs=131.169.223.41-9618+[2001-638-700-10df--1-29]-9618&noUDP&sock=schedd_2006168_f5e8_3>
...
000 (2506068.006.000) 07/29 18:36:40 Job submitted from host: <131.169.223.41:9618?addrs=131.169.223.41-9618+[2001-638-700-10df--1-29]-9618&noUDP&sock=schedd_2006168_f5e8_3>
...
000 (2506068.007.000) 07/29 18:36:40 Job submitted from host: <131.169.223.41:9618?addrs=131.169.223.41-9618+[2001-638-700-10df--1-29]-9618&noUDP&sock=schedd_2006168_f5e8_3>
...
000 (2506068.008.000) 07/29 18:36:40 Job submitted from host: <131.169.223.41:9618?addrs=131.169.223.41-9618+[2001-638-700-10df--1-29]-9618&noUDP&sock=schedd_2006168_f5e8_3>
...
000 (2506068.009.000) 07/29 18:36:40 Job submitted from host: <131.169.223.41:9618?addrs=131.169.223.41-9618+[2001-638-700-10df--1-29]-9618&noUDP&sock=schedd_2006168_f5e8_3>
...
000 (2506068.010.000) 07/29 18:36:40 Job submitted from host: <131.169.223.41:9618?addrs=131.169.223.41-9618+[2001-638-700-10df--1-29]-9618&noUDP&sock=schedd_2006168_f5e8_3>
...
000 (2506068.011.000) 07/29 18:36:40 Job submitted from host: <131.169.223.41:9618?addrs=131.169.223.41-9618+[2001-638-700-10df--1-29]-9618&noUDP&sock=schedd_2006168_f5e8_3>
...
000 (2506068.012.000) 07/29 18:36:40 Job submitted from host: <131.169.223.41:9618?addrs=131.169.223.41-9618+[2001-638-700-10df--1-29]-9618&noUDP&sock=schedd_2006168_f5e8_3>
...
000 (2506068.013.000) 07/29 18:36:40 Job submitted from host: <131.169.223.41:9618?addrs=131.169.223.41-9618+[2001-638-700-10df--1-29]-9618&noUDP&sock=schedd_2006168_f5e8_3>
...
000 (2506068.014.000) 07/29 18:36:40 Job submitted from host: <131.169.223.41:9618?addrs=131.169.223.41-9618+[2001-638-700-10df--1-29]-9618&noUDP&sock=schedd_2006168_f5e8_3>
...
000 (2506068.015.000) 07/29 18:36:40 Job submitted from host: <131.169.223.41:9618?addrs=131.169.223.41-9618+[2001-638-700-10df--1-29]-9618&noUDP&sock=schedd_2006168_f5e8_3>
...
000 (2506068.016.000) 07/29 18:36:40 Job submitted from host: <131.169.223.41:9618?addrs=131.169.223.41-9618+[2001-638-700-10df--1-29]-9618&noUDP&sock=schedd_2006168_f5e8_3>
...
000 (2506068.017.000) 07/29 18:36:40 Job submitted from host: <131.169.223.41:9618?addrs=131.169.223.41-9618+[2001-638-700-10df--1-29]-9618&noUDP&sock=schedd_2006168_f5e8_3>
...
001 (2506068.015.000) 07/29 18:47:44 Job executing on host: <131.169.76.206:37350?addrs=131.169.76.206-37350>
...
001 (2506068.012.000) 07/29 18:47:45 Job executing on host: <131.169.84.205:37953?addrs=131.169.84.205-37953>
...
001 (2506068.014.000) 07/29 18:47:45 Job executing on host: <131.169.84.192:35317?addrs=131.169.84.192-35317>
...
001 (2506068.005.000) 07/29 18:47:45 Job executing on host: <131.169.76.174:44998?addrs=131.169.76.174-44998>
...
001 (2506068.000.000) 07/29 18:47:45 Job executing on host: <131.169.77.74:43212?addrs=131.169.77.74-43212>
...
001 (2506068.009.000) 07/29 18:47:45 Job executing on host: <131.169.76.161:37622?addrs=131.169.76.161-37622>
...
001 (2506068.002.000) 07/29 18:47:45 Job executing on host: <131.169.84.80:34075?addrs=131.169.84.80-34075>
...
001 (2506068.003.000) 07/29 18:47:45 Job executing on host: <131.169.77.73:33782?addrs=131.169.77.73-33782>
...
001 (2506068.013.000) 07/29 18:47:45 Job executing on host: <131.169.84.210:46147?addrs=131.169.84.210-46147>
...
001 (2506068.001.000) 07/29 18:47:45 Job executing on host: <131.169.76.214:37815?addrs=131.169.76.214-37815>
...
001 (2506068.011.000) 07/29 18:47:45 Job executing on host: <131.169.84.212:35770?addrs=131.169.84.212-35770>
...
001 (2506068.006.000) 07/29 18:47:50 Job executing on host: <131.169.84.95:34797?addrs=131.169.84.95-34797>
...
001 (2506068.008.000) 07/29 18:47:50 Job executing on host: <131.169.76.190:37529?addrs=131.169.76.190-37529>
...
001 (2506068.010.000) 07/29 18:47:51 Job executing on host: <131.169.84.117:46039?addrs=131.169.84.117-46039>
...
001 (2506068.007.000) 07/29 18:47:51 Job executing on host: <131.169.84.209:40944?addrs=131.169.84.209-40944>
...
001 (2506068.017.000) 07/29 18:47:51 Job executing on host: <131.169.84.211:43577?addrs=131.169.84.211-43577>
...
006 (2506068.012.000) 07/29 18:47:53 Image size of job updated: 249080
	163  -  MemoryUsage of job (MB)
	166736  -  ResidentSetSize of job (KB)
...
001 (2506068.004.000) 07/29 18:47:53 Job executing on host: <131.169.77.153:33650?addrs=131.169.77.153-33650>
...
001 (2506068.016.000) 07/29 18:47:53 Job executing on host: <131.169.84.138:42321?addrs=131.169.84.138-42321>
...
006 (2506068.015.000) 07/29 18:47:53 Image size of job updated: 189912
	114  -  MemoryUsage of job (MB)
	116048  -  ResidentSetSize of job (KB)
...
006 (2506068.003.000) 07/29 18:47:54 Image size of job updated: 249696
	163  -  MemoryUsage of job (MB)
	166736  -  ResidentSetSize of job (KB)
...
006 (2506068.013.000) 07/29 18:47:54 Image size of job updated: 134208
	120  -  MemoryUsage of job (MB)
	122424  -  ResidentSetSize of job (KB)
...
006 (2506068.011.000) 07/29 18:47:54 Image size of job updated: 249012
	163  -  MemoryUsage of job (MB)
	166732  -  ResidentSetSize of job (KB)
...
006 (2506068.001.000) 07/29 18:47:54 Image size of job updated: 92872
	54  -  MemoryUsage of job (MB)
	54552  -  ResidentSetSize of job (KB)
...
006 (2506068.014.000) 07/29 18:47:54 Image size of job updated: 251188
	163  -  MemoryUsage of job (MB)
	166720  -  ResidentSetSize of job (KB)
...
006 (2506068.005.000) 07/29 18:47:54 Image size of job updated: 247932
	163  -  MemoryUsage of job (MB)
	166728  -  ResidentSetSize of job (KB)
...
006 (2506068.000.000) 07/29 18:47:54 Image size of job updated: 112924
	59  -  MemoryUsage of job (MB)
	59800  -  ResidentSetSize of job (KB)
...
006 (2506068.009.000) 07/29 18:47:54 Image size of job updated: 62004
	59  -  MemoryUsage of job (MB)
	59540  -  ResidentSetSize of job (KB)
...
006 (2506068.002.000) 07/29 18:47:54 Image size of job updated: 201852
	126  -  MemoryUsage of job (MB)
	128936  -  ResidentSetSize of job (KB)
...
006 (2506068.008.000) 07/29 18:47:59 Image size of job updated: 180848
	164  -  MemoryUsage of job (MB)
	167208  -  ResidentSetSize of job (KB)
...
006 (2506068.006.000) 07/29 18:47:59 Image size of job updated: 99668
	57  -  MemoryUsage of job (MB)
	57752  -  ResidentSetSize of job (KB)
...
006 (2506068.007.000) 07/29 18:48:00 Image size of job updated: 254492
	165  -  MemoryUsage of job (MB)
	168124  -  ResidentSetSize of job (KB)
...
006 (2506068.010.000) 07/29 18:48:00 Image size of job updated: 246708
	161  -  MemoryUsage of job (MB)
	164444  -  ResidentSetSize of job (KB)
...
006 (2506068.017.000) 07/29 18:48:00 Image size of job updated: 255176
	167  -  MemoryUsage of job (MB)
	170704  -  ResidentSetSize of job (KB)
...
006 (2506068.016.000) 07/29 18:48:02 Image size of job updated: 97448
	54  -  MemoryUsage of job (MB)
	54864  -  ResidentSetSize of job (KB)
...
006 (2506068.004.000) 07/29 18:48:02 Image size of job updated: 111096
	54  -  MemoryUsage of job (MB)
	54472  -  ResidentSetSize of job (KB)
...
006 (2506068.017.000) 07/29 18:49:25 Image size of job updated: 402240
	167  -  MemoryUsage of job (MB)
	170728  -  ResidentSetSize of job (KB)
...
005 (2506068.017.000) 07/29 18:49:25 Job terminated.
	(1) Normal termination (return value 0)
		Usr 0 00:01:14, Sys 0 00:00:01  -  Run Remote Usage
		Usr 0 00:00:00, Sys 0 00:00:00  -  Run Local Usage
		Usr 0 00:01:14, Sys 0 00:00:01  -  Total Remote Usage
		Usr 0 00:00:00, Sys 0 00:00:00  -  Total Local Usage
	0  -  Run Bytes Sent By Job
	0  -  Run Bytes Received By Job
	0  -  Total Bytes Sent By Job
	0  -  Total Bytes Received By Job
	Partitionable Resources :    Usage  Request Allocated 
	   Cpus                 :        0        1         1 
	   Disk (KB)            :        1  2560000   2764818 
	   Memory (MB)          :      167     4096      4096 
...
006 (2506068.014.000) 07/29 18:49:56 Image size of job updated: 397464
	163  -  MemoryUsage of job (MB)
	166720  -  ResidentSetSize of job (KB)
...
005 (2506068.014.000) 07/29 18:49:56 Job terminated.
	(1) Normal termination (return value 0)
		Usr 0 00:01:47, Sys 0 00:00:03  -  Run Remote Usage
		Usr 0 00:00:00, Sys 0 00:00:00  -  Run Local Usage
		Usr 0 00:01:47, Sys 0 00:00:03  -  Total Remote Usage
		Usr 0 00:00:00, Sys 0 00:00:00  -  Total Local Usage
	0  -  Run Bytes Sent By Job
	0  -  Run Bytes Received By Job
	0  -  Total Bytes Sent By Job
	0  -  Total Bytes Received By Job
	Partitionable Resources :    Usage  Request Allocated 
	   Cpus                 :     0.94        1         1 
	   Disk (KB)            :     1     2560000   2745364 
	   Memory (MB)          :   163        4096      4096 
...
006 (2506068.007.000) 07/29 18:49:57 Image size of job updated: 404360
	165  -  MemoryUsage of job (MB)
	168124  -  ResidentSetSize of job (KB)
...
005 (2506068.007.000) 07/29 18:49:57 Job terminated.
	(1) Normal termination (return value 0)
		Usr 0 00:01:48, Sys 0 00:00:01  -  Run Remote Usage
		Usr 0 00:00:00, Sys 0 00:00:00  -  Run Local Usage
		Usr 0 00:01:48, Sys 0 00:00:01  -  Total Remote Usage
		Usr 0 00:00:00, Sys 0 00:00:00  -  Total Local Usage
	0  -  Run Bytes Sent By Job
	0  -  Run Bytes Received By Job
	0  -  Total Bytes Sent By Job
	0  -  Total Bytes Received By Job
	Partitionable Resources :    Usage  Request Allocated 
	   Cpus                 :     0.98        1         1 
	   Disk (KB)            :     1     2560000   2785026 
	   Memory (MB)          :   165        4096      4096 
...
006 (2506068.008.000) 07/29 18:49:58 Image size of job updated: 180848
	164  -  MemoryUsage of job (MB)
	167280  -  ResidentSetSize of job (KB)
...
005 (2506068.008.000) 07/29 18:49:58 Job terminated.
	(1) Normal termination (return value 0)
		Usr 0 00:01:47, Sys 0 00:00:02  -  Run Remote Usage
		Usr 0 00:00:00, Sys 0 00:00:00  -  Run Local Usage
		Usr 0 00:01:47, Sys 0 00:00:02  -  Total Remote Usage
		Usr 0 00:00:00, Sys 0 00:00:00  -  Total Local Usage
	0  -  Run Bytes Sent By Job
	0  -  Run Bytes Received By Job
	0  -  Total Bytes Sent By Job
	0  -  Total Bytes Received By Job
	Partitionable Resources :    Usage  Request Allocated 
	   Cpus                 :     0.91        1         1 
	   Disk (KB)            :     1     2560000   2792090 
	   Memory (MB)          :   164        4096      4096 
...
005 (2506068.013.000) 07/29 18:49:58 Job terminated.
	(1) Normal termination (return value 0)
		Usr 0 00:01:49, Sys 0 00:00:02  -  Run Remote Usage
		Usr 0 00:00:00, Sys 0 00:00:00  -  Run Local Usage
		Usr 0 00:01:49, Sys 0 00:00:02  -  Total Remote Usage
		Usr 0 00:00:00, Sys 0 00:00:00  -  Total Local Usage
	0  -  Run Bytes Sent By Job
	0  -  Run Bytes Received By Job
	0  -  Total Bytes Sent By Job
	0  -  Total Bytes Received By Job
	Partitionable Resources :    Usage  Request Allocated 
	   Cpus                 :     0.97        1         1 
	   Disk (KB)            :     1     2560000   2776632 
	   Memory (MB)          :   120        4096      4096 
...
005 (2506068.005.000) 07/29 18:50:01 Job terminated.
	(1) Normal termination (return value 0)
		Usr 0 00:01:49, Sys 0 00:00:02  -  Run Remote Usage
		Usr 0 00:00:00, Sys 0 00:00:00  -  Run Local Usage
		Usr 0 00:01:49, Sys 0 00:00:02  -  Total Remote Usage
		Usr 0 00:00:00, Sys 0 00:00:00  -  Total Local Usage
	0  -  Run Bytes Sent By Job
	0  -  Run Bytes Received By Job
	0  -  Total Bytes Sent By Job
	0  -  Total Bytes Received By Job
	Partitionable Resources :    Usage  Request Allocated 
	   Cpus                 :     0.98        1         1 
	   Disk (KB)            :     1     2560000   2758334 
	   Memory (MB)          :   163        4096      4096 
...
006 (2506068.011.000) 07/29 18:50:03 Image size of job updated: 404356
	163  -  MemoryUsage of job (MB)
	166732  -  ResidentSetSize of job (KB)
...
005 (2506068.011.000) 07/29 18:50:03 Job terminated.
	(1) Normal termination (return value 0)
		Usr 0 00:01:54, Sys 0 00:00:03  -  Run Remote Usage
		Usr 0 00:00:00, Sys 0 00:00:00  -  Run Local Usage
		Usr 0 00:01:54, Sys 0 00:00:03  -  Total Remote Usage
		Usr 0 00:00:00, Sys 0 00:00:00  -  Total Local Usage
	0  -  Run Bytes Sent By Job
	0  -  Run Bytes Received By Job
	0  -  Total Bytes Sent By Job
	0  -  Total Bytes Received By Job
	Partitionable Resources :    Usage  Request Allocated 
	   Cpus                 :     0.96        1         1 
	   Disk (KB)            :     1     2560000   2780257 
	   Memory (MB)          :   163        4096      4096 
...
005 (2506068.012.000) 07/29 18:50:03 Job terminated.
	(1) Normal termination (return value 0)
		Usr 0 00:01:54, Sys 0 00:00:02  -  Run Remote Usage
		Usr 0 00:00:00, Sys 0 00:00:00  -  Run Local Usage
		Usr 0 00:01:54, Sys 0 00:00:02  -  Total Remote Usage
		Usr 0 00:00:00, Sys 0 00:00:00  -  Total Local Usage
	0  -  Run Bytes Sent By Job
	0  -  Run Bytes Received By Job
	0  -  Total Bytes Sent By Job
	0  -  Total Bytes Received By Job
	Partitionable Resources :    Usage  Request Allocated 
	   Cpus                 :        0        1         1 
	   Disk (KB)            :        1  2560000   2770585 
	   Memory (MB)          :      163     4096      4096 
...
005 (2506068.015.000) 07/29 18:50:06 Job terminated.
	(1) Normal termination (return value 0)
		Usr 0 00:01:45, Sys 0 00:00:02  -  Run Remote Usage
		Usr 0 00:00:00, Sys 0 00:00:00  -  Run Local Usage
		Usr 0 00:01:45, Sys 0 00:00:02  -  Total Remote Usage
		Usr 0 00:00:00, Sys 0 00:00:00  -  Total Local Usage
	0  -  Run Bytes Sent By Job
	0  -  Run Bytes Received By Job
	0  -  Total Bytes Sent By Job
	0  -  Total Bytes Received By Job
	Partitionable Resources :    Usage  Request Allocated 
	   Cpus                 :     0.95        1         1 
	   Disk (KB)            :     1     2560000   2776625 
	   Memory (MB)          :   114        4096      4096 
...
005 (2506068.003.000) 07/29 18:50:07 Job terminated.
	(1) Normal termination (return value 0)
		Usr 0 00:01:54, Sys 0 00:00:03  -  Run Remote Usage
		Usr 0 00:00:00, Sys 0 00:00:00  -  Run Local Usage
		Usr 0 00:01:54, Sys 0 00:00:03  -  Total Remote Usage
		Usr 0 00:00:00, Sys 0 00:00:00  -  Total Local Usage
	0  -  Run Bytes Sent By Job
	0  -  Run Bytes Received By Job
	0  -  Total Bytes Sent By Job
	0  -  Total Bytes Received By Job
	Partitionable Resources :    Usage  Request Allocated 
	   Cpus                 :     0.90        1         1 
	   Disk (KB)            :     1     2560000   2793066 
	   Memory (MB)          :   163        4096      4096 
...
006 (2506068.002.000) 07/29 18:50:10 Image size of job updated: 402648
	126  -  MemoryUsage of job (MB)
	128936  -  ResidentSetSize of job (KB)
...
005 (2506068.002.000) 07/29 18:50:10 Job terminated.
	(1) Normal termination (return value 0)
		Usr 0 00:01:47, Sys 0 00:00:02  -  Run Remote Usage
		Usr 0 00:00:00, Sys 0 00:00:00  -  Run Local Usage
		Usr 0 00:01:47, Sys 0 00:00:02  -  Total Remote Usage
		Usr 0 00:00:00, Sys 0 00:00:00  -  Total Local Usage
	0  -  Run Bytes Sent By Job
	0  -  Run Bytes Received By Job
	0  -  Total Bytes Sent By Job
	0  -  Total Bytes Received By Job
	Partitionable Resources :    Usage  Request Allocated 
	   Cpus                 :     0.96        1         1 
	   Disk (KB)            :     1     2560000   2789476 
	   Memory (MB)          :   126        4096      4096 
...
006 (2506068.009.000) 07/29 18:50:10 Image size of job updated: 62004
	59  -  MemoryUsage of job (MB)
	59808  -  ResidentSetSize of job (KB)
...
005 (2506068.009.000) 07/29 18:50:10 Job terminated.
	(1) Normal termination (return value 0)
		Usr 0 00:01:49, Sys 0 00:00:02  -  Run Remote Usage
		Usr 0 00:00:00, Sys 0 00:00:00  -  Run Local Usage
		Usr 0 00:01:49, Sys 0 00:00:02  -  Total Remote Usage
		Usr 0 00:00:00, Sys 0 00:00:00  -  Total Local Usage
	0  -  Run Bytes Sent By Job
	0  -  Run Bytes Received By Job
	0  -  Total Bytes Sent By Job
	0  -  Total Bytes Received By Job
	Partitionable Resources :    Usage  Request Allocated 
	   Cpus                 :     0.96        1         1 
	   Disk (KB)            :     1     2560000   2791542 
	   Memory (MB)          :    59        4096      4096 
...
006 (2506068.000.000) 07/29 18:50:12 Image size of job updated: 403200
	60  -  MemoryUsage of job (MB)
	60928  -  ResidentSetSize of job (KB)
...
005 (2506068.000.000) 07/29 18:50:12 Job terminated.
	(1) Normal termination (return value 0)
		Usr 0 00:01:48, Sys 0 00:00:03  -  Run Remote Usage
		Usr 0 00:00:00, Sys 0 00:00:00  -  Run Local Usage
		Usr 0 00:01:48, Sys 0 00:00:03  -  Total Remote Usage
		Usr 0 00:00:00, Sys 0 00:00:00  -  Total Local Usage
	0  -  Run Bytes Sent By Job
	0  -  Run Bytes Received By Job
	0  -  Total Bytes Sent By Job
	0  -  Total Bytes Received By Job
	Partitionable Resources :    Usage  Request Allocated 
	   Cpus                 :     0.96        1         1 
	   Disk (KB)            :     1     2560000   2792063 
	   Memory (MB)          :    60        4096      4096 
...
005 (2506068.001.000) 07/29 18:50:16 Job terminated.
	(1) Normal termination (return value 0)
		Usr 0 00:01:50, Sys 0 00:00:03  -  Run Remote Usage
		Usr 0 00:00:00, Sys 0 00:00:00  -  Run Local Usage
		Usr 0 00:01:50, Sys 0 00:00:03  -  Total Remote Usage
		Usr 0 00:00:00, Sys 0 00:00:00  -  Total Local Usage
	0  -  Run Bytes Sent By Job
	0  -  Run Bytes Received By Job
	0  -  Total Bytes Sent By Job
	0  -  Total Bytes Received By Job
	Partitionable Resources :    Usage  Request Allocated 
	   Cpus                 :     0.96        1         1 
	   Disk (KB)            :     1     2560000   2788673 
	   Memory (MB)          :    54        4096      4096 
...
006 (2506068.010.000) 07/29 18:50:18 Image size of job updated: 396560
	163  -  MemoryUsage of job (MB)
	166732  -  ResidentSetSize of job (KB)
...
005 (2506068.010.000) 07/29 18:50:18 Job terminated.
	(1) Normal termination (return value 0)
		Usr 0 00:01:51, Sys 0 00:00:02  -  Run Remote Usage
		Usr 0 00:00:00, Sys 0 00:00:00  -  Run Local Usage
		Usr 0 00:01:51, Sys 0 00:00:02  -  Total Remote Usage
		Usr 0 00:00:00, Sys 0 00:00:00  -  Total Local Usage
	0  -  Run Bytes Sent By Job
	0  -  Run Bytes Received By Job
	0  -  Total Bytes Sent By Job
	0  -  Total Bytes Received By Job
	Partitionable Resources :    Usage  Request Allocated 
	   Cpus                 :     0.93        1         1 
	   Disk (KB)            :     1     2560000   2790765 
	   Memory (MB)          :   163        4096      4096 
...
006 (2506068.006.000) 07/29 18:50:28 Image size of job updated: 393792
	57  -  MemoryUsage of job (MB)
	57752  -  ResidentSetSize of job (KB)
...
005 (2506068.006.000) 07/29 18:50:28 Job terminated.
	(1) Normal termination (return value 0)
		Usr 0 00:01:50, Sys 0 00:00:02  -  Run Remote Usage
		Usr 0 00:00:00, Sys 0 00:00:00  -  Run Local Usage
		Usr 0 00:01:50, Sys 0 00:00:02  -  Total Remote Usage
		Usr 0 00:00:00, Sys 0 00:00:00  -  Total Local Usage
	0  -  Run Bytes Sent By Job
	0  -  Run Bytes Received By Job
	0  -  Total Bytes Sent By Job
	0  -  Total Bytes Received By Job
	Partitionable Resources :    Usage  Request Allocated 
	   Cpus                 :     0.91        1         1 
	   Disk (KB)            :     1     2560000   2783248 
	   Memory (MB)          :    57        4096      4096 
...
006 (2506068.004.000) 07/29 18:50:32 Image size of job updated: 111096
	54  -  MemoryUsage of job (MB)
	54488  -  ResidentSetSize of job (KB)
...
005 (2506068.004.000) 07/29 18:50:32 Job terminated.
	(1) Normal termination (return value 0)
		Usr 0 00:01:38, Sys 0 00:00:03  -  Run Remote Usage
		Usr 0 00:00:00, Sys 0 00:00:00  -  Run Local Usage
		Usr 0 00:01:38, Sys 0 00:00:03  -  Total Remote Usage
		Usr 0 00:00:00, Sys 0 00:00:00  -  Total Local Usage
	0  -  Run Bytes Sent By Job
	0  -  Run Bytes Received By Job
	0  -  Total Bytes Sent By Job
	0  -  Total Bytes Received By Job
	Partitionable Resources :    Usage  Request Allocated 
	   Cpus                 :     0.21        1         1 
	   Disk (KB)            :     1     2560000   2824651 
	   Memory (MB)          :    54        4096      4096 
...
006 (2506068.016.000) 07/29 18:50:41 Image size of job updated: 97448
	55  -  MemoryUsage of job (MB)
	55544  -  ResidentSetSize of job (KB)
...
005 (2506068.016.000) 07/29 18:50:41 Job terminated.
	(1) Normal termination (return value 0)
		Usr 0 00:02:03, Sys 0 00:00:03  -  Run Remote Usage
		Usr 0 00:00:00, Sys 0 00:00:00  -  Run Local Usage
		Usr 0 00:02:03, Sys 0 00:00:03  -  Total Remote Usage
		Usr 0 00:00:00, Sys 0 00:00:00  -  Total Local Usage
	0  -  Run Bytes Sent By Job
	0  -  Run Bytes Received By Job
	0  -  Total Bytes Sent By Job
	0  -  Total Bytes Received By Job
	Partitionable Resources :    Usage  Request Allocated 
	   Cpus                 :     0.95        1         1 
	   Disk (KB)            :     1     2560000   2773932 
	   Memory (MB)          :    55        4096      4096 
...
