000 (2506059.000.000) 07/29 18:36:38 Job submitted from host: <131.169.223.41:9618?addrs=131.169.223.41-9618+[2001-638-700-10df--1-29]-9618&noUDP&sock=schedd_2006168_f5e8_3>
...
000 (2506059.001.000) 07/29 18:36:38 Job submitted from host: <131.169.223.41:9618?addrs=131.169.223.41-9618+[2001-638-700-10df--1-29]-9618&noUDP&sock=schedd_2006168_f5e8_3>
...
000 (2506059.002.000) 07/29 18:36:38 Job submitted from host: <131.169.223.41:9618?addrs=131.169.223.41-9618+[2001-638-700-10df--1-29]-9618&noUDP&sock=schedd_2006168_f5e8_3>
...
000 (2506059.003.000) 07/29 18:36:38 Job submitted from host: <131.169.223.41:9618?addrs=131.169.223.41-9618+[2001-638-700-10df--1-29]-9618&noUDP&sock=schedd_2006168_f5e8_3>
...
001 (2506059.000.000) 07/29 18:47:45 Job executing on host: <131.169.76.171:39290?addrs=131.169.76.171-39290>
...
001 (2506059.003.000) 07/29 18:47:45 Job executing on host: <131.169.76.159:37756?addrs=131.169.76.159-37756>
...
001 (2506059.001.000) 07/29 18:47:49 Job executing on host: <131.169.77.160:34285?addrs=131.169.77.160-34285>
...
001 (2506059.002.000) 07/29 18:47:51 Job executing on host: <131.169.76.42:41102?addrs=131.169.76.42-41102>
...
006 (2506059.000.000) 07/29 18:47:53 Image size of job updated: 107672
	46  -  MemoryUsage of job (MB)
	46944  -  ResidentSetSize of job (KB)
...
006 (2506059.003.000) 07/29 18:47:54 Image size of job updated: 102552
	57  -  MemoryUsage of job (MB)
	57784  -  ResidentSetSize of job (KB)
...
006 (2506059.001.000) 07/29 18:47:58 Image size of job updated: 154268
	149  -  MemoryUsage of job (MB)
	151824  -  ResidentSetSize of job (KB)
...
006 (2506059.002.000) 07/29 18:48:00 Image size of job updated: 155284
	149  -  MemoryUsage of job (MB)
	151812  -  ResidentSetSize of job (KB)
...
005 (2506059.001.000) 07/29 18:48:06 Job terminated.
	(1) Normal termination (return value 254)
		Usr 0 00:00:01, Sys 0 00:00:00  -  Run Remote Usage
		Usr 0 00:00:00, Sys 0 00:00:00  -  Run Local Usage
		Usr 0 00:00:01, Sys 0 00:00:00  -  Total Remote Usage
		Usr 0 00:00:00, Sys 0 00:00:00  -  Total Local Usage
	0  -  Run Bytes Sent By Job
	0  -  Run Bytes Received By Job
	0  -  Total Bytes Sent By Job
	0  -  Total Bytes Received By Job
	Partitionable Resources :    Usage  Request Allocated 
	   Cpus                 :        0        1         1 
	   Disk (KB)            :        1  2560000   3793062 
	   Memory (MB)          :      149     4096      4096 
...
005 (2506059.002.000) 07/29 18:48:06 Job terminated.
	(1) Normal termination (return value 254)
		Usr 0 00:00:02, Sys 0 00:00:00  -  Run Remote Usage
		Usr 0 00:00:00, Sys 0 00:00:00  -  Run Local Usage
		Usr 0 00:00:02, Sys 0 00:00:00  -  Total Remote Usage
		Usr 0 00:00:00, Sys 0 00:00:00  -  Total Local Usage
	0  -  Run Bytes Sent By Job
	0  -  Run Bytes Received By Job
	0  -  Total Bytes Sent By Job
	0  -  Total Bytes Received By Job
	Partitionable Resources :    Usage  Request Allocated 
	   Cpus                 :        0        1         1 
	   Disk (KB)            :        1  2560000   2788741 
	   Memory (MB)          :      149     4096      4096 
...
006 (2506059.000.000) 07/29 18:48:13 Image size of job updated: 107672
	48  -  MemoryUsage of job (MB)
	48944  -  ResidentSetSize of job (KB)
...
005 (2506059.000.000) 07/29 18:48:13 Job terminated.
	(1) Normal termination (return value 254)
		Usr 0 00:00:01, Sys 0 00:00:01  -  Run Remote Usage
		Usr 0 00:00:00, Sys 0 00:00:00  -  Run Local Usage
		Usr 0 00:00:01, Sys 0 00:00:01  -  Total Remote Usage
		Usr 0 00:00:00, Sys 0 00:00:00  -  Total Local Usage
	0  -  Run Bytes Sent By Job
	0  -  Run Bytes Received By Job
	0  -  Total Bytes Sent By Job
	0  -  Total Bytes Received By Job
	Partitionable Resources :    Usage  Request Allocated 
	   Cpus                 :        0        1         1 
	   Disk (KB)            :        1  2560000   2762063 
	   Memory (MB)          :       48     4096      4096 
...
005 (2506059.003.000) 07/29 18:48:13 Job terminated.
	(1) Normal termination (return value 254)
		Usr 0 00:00:01, Sys 0 00:00:00  -  Run Remote Usage
		Usr 0 00:00:00, Sys 0 00:00:00  -  Run Local Usage
		Usr 0 00:00:01, Sys 0 00:00:00  -  Total Remote Usage
		Usr 0 00:00:00, Sys 0 00:00:00  -  Total Local Usage
	0  -  Run Bytes Sent By Job
	0  -  Run Bytes Received By Job
	0  -  Total Bytes Sent By Job
	0  -  Total Bytes Received By Job
	Partitionable Resources :    Usage  Request Allocated 
	   Cpus                 :        0        1         1 
	   Disk (KB)            :        1  2560000   2786775 
	   Memory (MB)          :       57     4096      4096 
...
