000 (2506055.000.000) 07/29 18:36:37 Job submitted from host: <131.169.223.41:9618?addrs=131.169.223.41-9618+[2001-638-700-10df--1-29]-9618&noUDP&sock=schedd_2006168_f5e8_3>
...
000 (2506055.001.000) 07/29 18:36:37 Job submitted from host: <131.169.223.41:9618?addrs=131.169.223.41-9618+[2001-638-700-10df--1-29]-9618&noUDP&sock=schedd_2006168_f5e8_3>
...
001 (2506055.001.000) 07/29 18:47:44 Job executing on host: <131.169.84.252:40332?addrs=131.169.84.252-40332>
...
001 (2506055.000.000) 07/29 18:47:50 Job executing on host: <131.169.76.44:37042?addrs=131.169.76.44-37042>
...
006 (2506055.001.000) 07/29 18:47:53 Image size of job updated: 91844
	54  -  MemoryUsage of job (MB)
	54504  -  ResidentSetSize of job (KB)
...
006 (2506055.000.000) 07/29 18:47:59 Image size of job updated: 74044
	61  -  MemoryUsage of job (MB)
	62440  -  ResidentSetSize of job (KB)
...
005 (2506055.001.000) 07/29 18:48:07 Job terminated.
	(1) Normal termination (return value 254)
		Usr 0 00:00:01, Sys 0 00:00:00  -  Run Remote Usage
		Usr 0 00:00:00, Sys 0 00:00:00  -  Run Local Usage
		Usr 0 00:00:01, Sys 0 00:00:00  -  Total Remote Usage
		Usr 0 00:00:00, Sys 0 00:00:00  -  Total Local Usage
	0  -  Run Bytes Sent By Job
	0  -  Run Bytes Received By Job
	0  -  Total Bytes Sent By Job
	0  -  Total Bytes Received By Job
	Partitionable Resources :    Usage  Request Allocated 
	   Cpus                 :        0        1         1 
	   Disk (KB)            :        1  2560000   2775090 
	   Memory (MB)          :       54     4096      4096 
...
006 (2506055.000.000) 07/29 18:48:10 Image size of job updated: 74044
	62  -  MemoryUsage of job (MB)
	63292  -  ResidentSetSize of job (KB)
...
005 (2506055.000.000) 07/29 18:48:10 Job terminated.
	(1) Normal termination (return value 254)
		Usr 0 00:00:01, Sys 0 00:00:00  -  Run Remote Usage
		Usr 0 00:00:00, Sys 0 00:00:00  -  Run Local Usage
		Usr 0 00:00:01, Sys 0 00:00:00  -  Total Remote Usage
		Usr 0 00:00:00, Sys 0 00:00:00  -  Total Local Usage
	0  -  Run Bytes Sent By Job
	0  -  Run Bytes Received By Job
	0  -  Total Bytes Sent By Job
	0  -  Total Bytes Received By Job
	Partitionable Resources :    Usage  Request Allocated 
	   Cpus                 :        0        1         1 
	   Disk (KB)            :        1  2560000   2789223 
	   Memory (MB)          :       62     4096      4096 
...
