000 (2506063.000.000) 07/29 18:36:38 Job submitted from host: <131.169.223.41:9618?addrs=131.169.223.41-9618+[2001-638-700-10df--1-29]-9618&noUDP&sock=schedd_2006168_f5e8_3>
...
000 (2506063.001.000) 07/29 18:36:38 Job submitted from host: <131.169.223.41:9618?addrs=131.169.223.41-9618+[2001-638-700-10df--1-29]-9618&noUDP&sock=schedd_2006168_f5e8_3>
...
000 (2506063.002.000) 07/29 18:36:38 Job submitted from host: <131.169.223.41:9618?addrs=131.169.223.41-9618+[2001-638-700-10df--1-29]-9618&noUDP&sock=schedd_2006168_f5e8_3>
...
000 (2506063.003.000) 07/29 18:36:38 Job submitted from host: <131.169.223.41:9618?addrs=131.169.223.41-9618+[2001-638-700-10df--1-29]-9618&noUDP&sock=schedd_2006168_f5e8_3>
...
001 (2506063.001.000) 07/29 18:47:47 Job executing on host: <131.169.84.191:38615?addrs=131.169.84.191-38615>
...
001 (2506063.002.000) 07/29 18:47:47 Job executing on host: <131.169.77.42:33139?addrs=131.169.77.42-33139>
...
001 (2506063.003.000) 07/29 18:47:49 Job executing on host: <131.169.76.165:43851?addrs=131.169.76.165-43851>
...
001 (2506063.000.000) 07/29 18:47:51 Job executing on host: <131.169.84.127:46793?addrs=131.169.84.127-46793>
...
006 (2506063.001.000) 07/29 18:47:56 Image size of job updated: 231660
	142  -  MemoryUsage of job (MB)
	145292  -  ResidentSetSize of job (KB)
...
006 (2506063.002.000) 07/29 18:47:56 Image size of job updated: 75256
	54  -  MemoryUsage of job (MB)
	54784  -  ResidentSetSize of job (KB)
...
006 (2506063.003.000) 07/29 18:47:58 Image size of job updated: 161348
	92  -  MemoryUsage of job (MB)
	93248  -  ResidentSetSize of job (KB)
...
006 (2506063.000.000) 07/29 18:48:00 Image size of job updated: 175020
	101  -  MemoryUsage of job (MB)
	102660  -  ResidentSetSize of job (KB)
...
006 (2506063.003.000) 07/29 18:48:49 Image size of job updated: 161348
	93  -  MemoryUsage of job (MB)
	95188  -  ResidentSetSize of job (KB)
...
005 (2506063.003.000) 07/29 18:48:49 Job terminated.
	(1) Normal termination (return value 0)
		Usr 0 00:00:31, Sys 0 00:00:01  -  Run Remote Usage
		Usr 0 00:00:00, Sys 0 00:00:00  -  Run Local Usage
		Usr 0 00:00:31, Sys 0 00:00:01  -  Total Remote Usage
		Usr 0 00:00:00, Sys 0 00:00:00  -  Total Local Usage
	0  -  Run Bytes Sent By Job
	0  -  Run Bytes Received By Job
	0  -  Total Bytes Sent By Job
	0  -  Total Bytes Received By Job
	Partitionable Resources :    Usage  Request Allocated 
	   Cpus                 :     0.84        1         1 
	   Disk (KB)            :     1     2560000   2781594 
	   Memory (MB)          :    93        4096      4096 
...
006 (2506063.001.000) 07/29 18:50:07 Image size of job updated: 391568
	143  -  MemoryUsage of job (MB)
	145472  -  ResidentSetSize of job (KB)
...
005 (2506063.001.000) 07/29 18:50:07 Job terminated.
	(1) Normal termination (return value 0)
		Usr 0 00:02:01, Sys 0 00:00:02  -  Run Remote Usage
		Usr 0 00:00:00, Sys 0 00:00:00  -  Run Local Usage
		Usr 0 00:02:01, Sys 0 00:00:02  -  Total Remote Usage
		Usr 0 00:00:00, Sys 0 00:00:00  -  Total Local Usage
	0  -  Run Bytes Sent By Job
	0  -  Run Bytes Received By Job
	0  -  Total Bytes Sent By Job
	0  -  Total Bytes Received By Job
	Partitionable Resources :    Usage  Request Allocated 
	   Cpus                 :     1.00        1         1 
	   Disk (KB)            :     1     2560000   2746964 
	   Memory (MB)          :   143        4096      4096 
...
006 (2506063.000.000) 07/29 18:50:16 Image size of job updated: 406992
	105  -  MemoryUsage of job (MB)
	106544  -  ResidentSetSize of job (KB)
...
005 (2506063.000.000) 07/29 18:50:16 Job terminated.
	(1) Normal termination (return value 0)
		Usr 0 00:01:48, Sys 0 00:00:04  -  Run Remote Usage
		Usr 0 00:00:00, Sys 0 00:00:00  -  Run Local Usage
		Usr 0 00:01:48, Sys 0 00:00:04  -  Total Remote Usage
		Usr 0 00:00:00, Sys 0 00:00:00  -  Total Local Usage
	0  -  Run Bytes Sent By Job
	0  -  Run Bytes Received By Job
	0  -  Total Bytes Sent By Job
	0  -  Total Bytes Received By Job
	Partitionable Resources :    Usage  Request Allocated 
	   Cpus                 :     0.92        1         1 
	   Disk (KB)            :     1     2560000   2790254 
	   Memory (MB)          :   105        4096      4096 
...
005 (2506063.002.000) 07/29 18:50:34 Job terminated.
	(1) Normal termination (return value 0)
		Usr 0 00:01:57, Sys 0 00:00:02  -  Run Remote Usage
		Usr 0 00:00:00, Sys 0 00:00:00  -  Run Local Usage
		Usr 0 00:01:57, Sys 0 00:00:02  -  Total Remote Usage
		Usr 0 00:00:00, Sys 0 00:00:00  -  Total Local Usage
	0  -  Run Bytes Sent By Job
	0  -  Run Bytes Received By Job
	0  -  Total Bytes Sent By Job
	0  -  Total Bytes Received By Job
	Partitionable Resources :    Usage  Request Allocated 
	   Cpus                 :     0.99        1         1 
	   Disk (KB)            :     1     2560000   2833693 
	   Memory (MB)          :    54        4096      4096 
...
