000 (2506057.000.000) 07/29 18:36:38 Job submitted from host: <131.169.223.41:9618?addrs=131.169.223.41-9618+[2001-638-700-10df--1-29]-9618&noUDP&sock=schedd_2006168_f5e8_3>
...
000 (2506057.001.000) 07/29 18:36:38 Job submitted from host: <131.169.223.41:9618?addrs=131.169.223.41-9618+[2001-638-700-10df--1-29]-9618&noUDP&sock=schedd_2006168_f5e8_3>
...
001 (2506057.000.000) 07/29 18:47:45 Job executing on host: <131.169.84.106:42425?addrs=131.169.84.106-42425>
...
001 (2506057.001.000) 07/29 18:47:50 Job executing on host: <131.169.84.215:34413?addrs=131.169.84.215-34413>
...
006 (2506057.000.000) 07/29 18:47:54 Image size of job updated: 168732
	97  -  MemoryUsage of job (MB)
	98508  -  ResidentSetSize of job (KB)
...
006 (2506057.001.000) 07/29 18:47:59 Image size of job updated: 223836
	139  -  MemoryUsage of job (MB)
	141348  -  ResidentSetSize of job (KB)
...
005 (2506057.001.000) 07/29 18:48:00 Job terminated.
	(1) Normal termination (return value 254)
		Usr 0 00:00:01, Sys 0 00:00:00  -  Run Remote Usage
		Usr 0 00:00:00, Sys 0 00:00:00  -  Run Local Usage
		Usr 0 00:00:01, Sys 0 00:00:00  -  Total Remote Usage
		Usr 0 00:00:00, Sys 0 00:00:00  -  Total Local Usage
	0  -  Run Bytes Sent By Job
	0  -  Run Bytes Received By Job
	0  -  Total Bytes Sent By Job
	0  -  Total Bytes Received By Job
	Partitionable Resources :    Usage  Request Allocated 
	   Cpus                 :        0        1         1 
	   Disk (KB)            :        1  2560000   2777550 
	   Memory (MB)          :      139     4096      4096 
...
006 (2506057.000.000) 07/29 18:48:00 Image size of job updated: 168732
	99  -  MemoryUsage of job (MB)
	100924  -  ResidentSetSize of job (KB)
...
005 (2506057.000.000) 07/29 18:48:00 Job terminated.
	(1) Normal termination (return value 254)
		Usr 0 00:00:01, Sys 0 00:00:00  -  Run Remote Usage
		Usr 0 00:00:00, Sys 0 00:00:00  -  Run Local Usage
		Usr 0 00:00:01, Sys 0 00:00:00  -  Total Remote Usage
		Usr 0 00:00:00, Sys 0 00:00:00  -  Total Local Usage
	0  -  Run Bytes Sent By Job
	0  -  Run Bytes Received By Job
	0  -  Total Bytes Sent By Job
	0  -  Total Bytes Received By Job
	Partitionable Resources :    Usage  Request Allocated 
	   Cpus                 :        0        1         1 
	   Disk (KB)            :        1  2560000   2796613 
	   Memory (MB)          :       99     4096      4096 
...
