000 (2506082.000.000) 07/29 18:36:42 Job submitted from host: <131.169.223.41:9618?addrs=131.169.223.41-9618+[2001-638-700-10df--1-29]-9618&noUDP&sock=schedd_2006168_f5e8_3>
...
001 (2506082.000.000) 07/29 18:47:46 Job executing on host: <131.169.84.154:35801?addrs=131.169.84.154-35801>
...
006 (2506082.000.000) 07/29 18:47:55 Image size of job updated: 135676
	73  -  MemoryUsage of job (MB)
	74048  -  ResidentSetSize of job (KB)
...
006 (2506082.000.000) 07/29 18:48:48 Image size of job updated: 375532
	73  -  MemoryUsage of job (MB)
	74564  -  ResidentSetSize of job (KB)
...
005 (2506082.000.000) 07/29 18:48:48 Job terminated.
	(1) Normal termination (return value 0)
		Usr 0 00:00:33, Sys 0 00:00:01  -  Run Remote Usage
		Usr 0 00:00:00, Sys 0 00:00:00  -  Run Local Usage
		Usr 0 00:00:33, Sys 0 00:00:01  -  Total Remote Usage
		Usr 0 00:00:00, Sys 0 00:00:00  -  Total Local Usage
	0  -  Run Bytes Sent By Job
	0  -  Run Bytes Received By Job
	0  -  Total Bytes Sent By Job
	0  -  Total Bytes Received By Job
	Partitionable Resources :    Usage  Request Allocated 
	   Cpus                 :     0.82        1         1 
	   Disk (KB)            :     1     2560000   2842175 
	   Memory (MB)          :    73        4096      4096 
...
